Task length=150, start!
Task 1-back start!
8,0,True,N/A
1,0,True,N/A
4,0,True,N/A
7,0,True,N/A
9,0,True,N/A
9,1,True,0.7254035472869873
1,0,True,N/A
6,0,True,N/A
7,0,True,N/A
3,0,True,N/A
1,0,True,N/A
1,1,True,0.5809528827667236
2,0,True,N/A
5,0,True,N/A
7,0,True,N/A
9,0,True,N/A
7,0,True,N/A
1,0,True,N/A
3,0,True,N/A
5,0,True,N/A
3,0,True,N/A
3,1,True,0.638782262802124
7,0,True,N/A
0,0,True,N/A
9,0,True,N/A
8,0,True,N/A
8,1,True,0.6861867904663086
7,0,True,N/A
5,0,True,N/A
3,0,True,N/A
1,0,True,N/A
9,0,True,N/A
3,0,True,N/A
9,0,True,N/A
5,0,True,N/A
1,0,True,N/A
8,0,True,N/A
5,0,True,N/A
5,1,True,0.6496055126190186
8,0,True,N/A
5,0,True,N/A
9,0,True,N/A
9,1,True,0.6305832862854004
6,0,True,N/A
6,1,False,1.75
1,0,True,N/A
5,0,True,N/A
5,1,True,0.6152629852294922
0,0,True,N/A
7,0,True,N/A
3,0,True,N/A
9,0,True,N/A
5,0,True,N/A
4,0,True,N/A
4,1,True,0.5283060073852539
9,0,True,N/A
8,0,True,N/A
5,0,True,N/A
7,0,True,N/A
8,0,True,N/A
4,0,True,N/A
9,0,True,N/A
4,0,True,N/A
9,0,True,N/A
7,0,True,N/A
5,0,True,N/A
1,0,True,N/A
7,0,True,N/A
7,1,False,1.75
3,0,True,N/A
1,0,True,N/A
1,1,True,0.6408653259277344
7,0,True,N/A
8,0,True,N/A
3,0,True,N/A
3,1,True,0.690648078918457
9,0,True,N/A
1,0,True,N/A
0,0,True,N/A
5,0,True,N/A
4,0,True,N/A
9,0,True,N/A
7,0,True,N/A
8,0,True,N/A
9,0,True,N/A
4,0,True,N/A
4,1,True,0.6324551105499268
2,0,True,N/A
2,1,True,0.6544630527496338
1,0,True,N/A
1,1,True,0.6122703552246094
0,0,True,N/A
4,0,True,N/A
4,1,True,0.6014668941497803
0,0,True,N/A
7,0,True,N/A
6,0,True,N/A
1,0,True,N/A
1,1,True,0.7083008289337158
8,0,True,N/A
7,0,True,N/A
1,0,True,N/A
0,0,True,N/A
6,0,True,N/A
8,0,True,N/A
8,1,True,0.6655068397521973
6,0,True,N/A
0,0,True,N/A
4,0,True,N/A
8,0,True,N/A
2,0,True,N/A
8,0,True,N/A
8,1,True,0.731318473815918
5,0,True,N/A
1,0,True,N/A
5,0,True,N/A
8,0,True,N/A
0,0,True,N/A
7,0,True,N/A
2,0,True,N/A
5,0,True,N/A
6,0,True,N/A
6,1,True,0.6128027439117432
6,1,True,0.8006393909454346
3,0,True,N/A
9,0,True,N/A
6,0,True,N/A
0,0,True,N/A
0,1,True,0.7256138324737549
3,0,True,N/A
0,0,True,N/A
9,0,True,N/A
5,0,True,N/A
6,0,True,N/A
9,0,True,N/A
7,0,True,N/A
2,0,True,N/A
2,1,True,0.6979570388793945
4,0,True,N/A
5,0,True,N/A
5,1,True,0.700768232345581
3,0,True,N/A
7,0,True,N/A
0,0,True,N/A
6,0,True,N/A
8,0,True,N/A
0,0,True,N/A
6,0,True,N/A
7,0,True,N/A
0,0,True,N/A
1-back task: average react time: 0.7512566447257996, correct react: 148
Total average react time: 0.7512566447257996, correct react: 148
Task length=150, start!
Task 3-back start!
8,0,True,N/A
6,0,True,N/A
3,0,True,N/A
0,0,True,N/A
5,0,True,N/A
6,0,True,N/A
5,0,True,N/A
3,0,True,N/A
8,0,True,N/A
5,1,False,1.75
9,0,True,N/A
9,0,True,N/A
5,1,True,1.1573028564453125
3,0,True,N/A
8,0,True,N/A
7,0,True,N/A
5,0,True,N/A
6,0,True,N/A
7,1,True,1.6196401119232178
3,0,True,N/A
2,0,True,N/A
8,0,True,N/A
2,0,False,N/A
6,0,True,N/A
8,1,False,1.75
3,0,True,N/A
7,0,True,N/A
9,0,True,N/A
9,0,True,N/A
3,0,True,N/A
9,1,True,0.9119307994842529
0,0,True,N/A
5,0,True,N/A
0,0,True,N/A
5,0,False,N/A
1,0,True,N/A
4,0,True,N/A
7,0,True,N/A
1,1,False,1.75
5,0,True,N/A
8,0,True,N/A
1,1,False,1.75
5,1,False,1.75
2,0,True,N/A
1,1,False,1.75
