Task length=150, start!
Task 2-back start!
2,0,True,N/A
6,0,True,N/A
2,1,True,0.6907036304473877
8,0,True,N/A
2,1,True,0.7374567985534668
4,0,True,N/A
3,0,True,N/A
5,0,True,N/A
9,0,True,N/A
9,0,True,N/A
5,0,True,N/A
7,0,True,N/A
4,0,True,N/A
9,0,True,N/A
6,0,True,N/A
4,0,True,N/A
8,0,True,N/A
8,0,True,N/A
6,0,True,N/A
7,0,True,N/A
9,0,True,N/A
7,1,True,0.9125511646270752
6,0,True,N/A
1,0,True,N/A
4,0,True,N/A
7,0,True,N/A
4,1,True,0.7177636623382568
3,0,True,N/A
4,1,False,1.75
3,1,True,0.7444157600402832
9,0,True,N/A
3,1,False,1.75
0,0,True,N/A
5,0,True,N/A
0,1,True,0.6212930679321289
2,0,True,N/A
8,0,True,N/A
6,0,True,N/A
4,0,True,N/A
4,0,True,N/A
6,0,True,N/A
6,0,True,N/A
8,0,True,N/A
0,0,True,N/A
4,0,True,N/A
3,0,True,N/A
5,0,True,N/A
9,0,True,N/A
1,0,True,N/A
7,0,True,N/A
6,0,True,N/A
4,0,True,N/A
7,0,True,N/A
8,0,True,N/A
7,1,True,1.4134926795959473
3,0,True,N/A
6,0,True,N/A
0,0,True,N/A
9,0,True,N/A
1,0,True,N/A
3,0,True,N/A
8,0,True,N/A
3,1,True,0.6247034072875977
4,0,True,N/A
1,0,True,N/A
8,0,True,N/A
1,1,True,0.5633060932159424
3,0,True,N/A
7,0,True,N/A
6,0,True,N/A
4,0,True,N/A
4,0,True,N/A
5,0,True,N/A
6,0,True,N/A
9,0,True,N/A
0,0,True,N/A
5,0,True,N/A
1,0,True,N/A
1,0,True,N/A
1,1,True,0.6583755016326904
9,0,True,N/A
7,0,True,N/A
2,0,True,N/A
9,0,True,N/A
6,0,True,N/A
3,0,True,N/A
1,0,True,N/A
4,0,True,N/A
3,0,True,N/A
1,0,True,N/A
5,0,True,N/A
8,0,True,N/A
4,0,True,N/A
4,0,True,N/A
4,1,True,0.5152735710144043
4,1,True,0.590242862701416
3,0,True,N/A
3,0,True,N/A
4,0,True,N/A
1,0,True,N/A
4,1,True,1.3175060749053955
8,0,True,N/A
8,0,True,N/A
1,0,True,N/A
0,0,True,N/A
5,0,True,N/A
6,0,True,N/A
7,0,True,N/A
4,0,True,N/A
9,0,True,N/A
4,1,True,0.5854008197784424
2,0,True,N/A
7,0,True,N/A
2,1,True,0.675224781036377
3,0,True,N/A
6,0,True,N/A
9,0,True,N/A
5,0,True,N/A
3,0,True,N/A
3,0,True,N/A
3,1,True,0.49534130096435547
4,0,True,N/A
5,0,True,N/A
4,1,True,0.719961404800415
9,0,True,N/A
6,0,True,N/A
8,0,True,N/A
4,0,True,N/A
6,0,True,N/A
4,1,False,1.75
