Task length=150, start!
Task 2-back start!
0,0,True,N/A
9,0,True,N/A
9,0,True,N/A
1,0,True,N/A
7,0,True,N/A
1,1,True,1.047572135925293
3,0,True,N/A
8,0,True,N/A
4,0,True,N/A
5,0,True,N/A
3,0,True,N/A
9,0,True,N/A
9,0,True,N/A
0,0,True,N/A
3,0,True,N/A
5,0,True,N/A
0,0,True,N/A
4,0,True,N/A
8,0,True,N/A
8,0,True,N/A
9,0,True,N/A
8,1,True,0.7147552967071533
9,1,True,1.140310525894165
9,0,True,N/A
0,0,True,N/A
2,0,True,N/A
0,1,True,0.8521289825439453
3,0,True,N/A
4,0,True,N/A
8,0,True,N/A
0,0,True,N/A
9,0,True,N/A
4,0,True,N/A
1,0,True,N/A
9,0,True,N/A
3,0,True,N/A
6,0,True,N/A
6,0,True,N/A
3,0,True,N/A
9,0,True,N/A
3,1,True,1.0378966331481934
3,0,True,N/A
4,0,True,N/A
8,0,True,N/A
1,0,True,N/A
3,0,True,N/A
2,0,True,N/A
4,0,True,N/A
6,0,True,N/A
6,0,True,N/A
6,1,True,0.8476457595825195
6,1,True,0.8419108390808105
2,0,True,N/A
9,0,True,N/A
0,0,True,N/A
1,0,True,N/A
5,0,True,N/A
6,0,True,N/A
3,0,True,N/A
9,0,True,N/A
4,0,True,N/A
0,0,True,N/A
3,0,True,N/A
1,0,True,N/A
5,0,True,N/A
2,0,True,N/A
9,0,True,N/A
7,0,True,N/A
6,0,True,N/A
4,0,True,N/A
6,1,True,0.7734060287475586
9,0,True,N/A
8,0,True,N/A
3,0,True,N/A
0,0,True,N/A
2,0,True,N/A
8,0,True,N/A
1,0,True,N/A
1,0,True,N/A
1,1,True,0.6646194458007812
4,0,True,N/A
3,0,True,N/A
6,0,True,N/A
9,0,True,N/A
9,0,True,N/A
9,1,True,0.6887118816375732
3,0,True,N/A
6,0,True,N/A
0,0,True,N/A
2,0,True,N/A
0,1,True,0.9960317611694336
9,0,True,N/A
5,0,True,N/A
4,0,True,N/A
3,0,True,N/A
0,0,True,N/A
0,0,True,N/A
3,0,True,N/A
4,0,True,N/A
7,0,True,N/A
6,0,True,N/A
5,0,True,N/A
9,0,True,N/A
2,0,True,N/A
2,0,True,N/A
6,0,True,N/A
1,0,True,N/A
6,1,True,1.1340720653533936
2,0,True,N/A
5,0,True,N/A
3,0,True,N/A
5,1,True,1.013908863067627
3,1,True,1.0009796619415283
6,0,True,N/A
2,0,True,N/A
3,0,True,N/A
1,0,True,N/A
1,0,True,N/A
4,0,True,N/A
7,0,True,N/A
3,0,True,N/A
9,0,True,N/A
7,0,True,N/A
6,0,True,N/A
1,0,True,N/A
6,1,True,0.8358557224273682
2,0,True,N/A
0,0,True,N/A
4,0,True,N/A
8,0,True,N/A
3,0,True,N/A
3,0,True,N/A
4,0,True,N/A
2,0,True,N/A
7,0,True,N/A
8,0,True,N/A
7,1,True,0.8084683418273926
9,0,True,N/A
4,0,True,N/A
9,1,True,0.7301468849182129
6,0,True,N/A
7,0,True,N/A
8,0,True,N/A
9,0,True,N/A
7,0,True,N/A
9,1,True,0.75687575340271
1,0,True,N/A
8,0,True,N/A
2,0,True,N/A
6,0,True,N/A
2-back task: average react time: 0.8825164768430922, correct react: 150
Total average react time: 0.8825164768430922, correct react: 150
