Task length=150, start!
Task 3-back start!
6,0,True,N/A
6,0,True,N/A
3,0,True,N/A
3,0,True,N/A
3,0,True,N/A
7,0,True,N/A
7,0,True,N/A
9,0,True,N/A
2,0,True,N/A
7,1,True,1.3733482360839844
7,0,True,N/A
2,1,True,1.3306703567504883
9,0,False,N/A
1,0,True,N/A
0,0,True,N/A
3,0,True,N/A
2,0,True,N/A
9,0,True,N/A
9,0,True,N/A
5,0,True,N/A
9,1,True,0.6357839107513428
9,1,False,1.75
8,0,True,N/A
7,0,True,N/A
3,0,True,N/A
9,0,True,N/A
7,1,True,0.9383246898651123
8,0,True,N/A
0,0,True,N/A
9,0,True,N/A
2,0,True,N/A
9,0,True,N/A
4,0,True,N/A
9,0,True,N/A
7,0,True,N/A
7,0,True,N/A
4,0,True,N/A
9,0,True,N/A
3,0,True,N/A
8,0,True,N/A
1,0,True,N/A
1,0,True,N/A
8,1,True,0.9816684722900391
0,0,True,N/A
9,0,True,N/A
3,0,True,N/A
0,1,True,0.9405989646911621
3,0,True,N/A
4,0,True,N/A
9,0,True,N/A
3,1,True,0.9258518218994141
0,0,True,N/A
1,0,True,N/A
8,0,True,N/A
8,0,True,N/A
1,1,True,0.8945770263671875
0,0,True,N/A
6,0,True,N/A
1,1,True,0.9558866024017334
8,0,True,N/A
3,0,True,N/A
4,0,True,N/A
1,0,True,N/A
6,0,True,N/A
3,0,True,N/A
8,0,True,N/A
3,0,True,N/A
4,0,True,N/A
2,0,True,N/A
1,0,True,N/A
0,0,True,N/A
2,1,True,0.9175207614898682
0,0,True,N/A
4,0,True,N/A
9,0,True,N/A
2,0,True,N/A
4,1,True,0.8055071830749512
6,0,True,N/A
3,0,True,N/A
0,0,True,N/A
3,0,True,N/A
6,0,True,N/A
2,0,True,N/A
3,1,True,1.023066759109497
4,0,True,N/A
9,0,True,N/A
9,0,True,N/A
4,1,True,1.3130719661712646
8,0,True,N/A
5,0,True,N/A
0,0,True,N/A
4,0,True,N/A
8,0,True,N/A
7,0,True,N/A
6,0,True,N/A
2,0,True,N/A
8,0,True,N/A
0,0,True,N/A
6,0,True,N/A
8,1,False,1.75
6,0,True,N/A
4,0,True,N/A
7,0,True,N/A
7,0,True,N/A
3,0,True,N/A
7,1,True,1.5156402587890625
9,0,True,N/A
3,1,False,1.75
8,0,True,N/A
8,0,True,N/A
2,0,True,N/A
8,1,True,0.9419708251953125
1,0,True,N/A
8,0,True,N/A
7,0,True,N/A
7,0,True,N/A
0,0,True,N/A
6,0,True,N/A
2,0,True,N/A
7,0,True,N/A
7,0,True,N/A
1,0,True,N/A
4,0,True,N/A
2,0,True,N/A
4,0,True,N/A
4,1,True,0.7664794921875
9,0,True,N/A
4,1,False,1.75
6,0,True,N/A
2,0,True,N/A
3,0,True,N/A
3,0,True,N/A
8,0,True,N/A
0,0,True,N/A
3,1,True,1.3337223529815674
9,0,True,N/A
7,0,True,N/A
3,1,True,0.9555704593658447
5,0,True,N/A
7,1,True,0.7780420780181885
4,0,True,N/A
2,0,True,N/A
3,0,True,N/A
2,0,True,N/A
2,1,True,0.7867355346679688
8,0,True,N/A
3,0,True,N/A
4,0,True,N/A
4,0,True,N/A
4,0,True,N/A
3-back task: average react time: 1.1297515730063121, correct react: 145
Total average react time: 1.1297515730063121, correct react: 145
