Task length=150, start!
Task 2-back start!
7,0,True,N/A
4,0,True,N/A
5,0,True,N/A
4,1,True,0.7041168212890625
7,0,True,N/A
7,0,True,N/A
0,0,True,N/A
7,1,True,0.7130928039550781
0,1,True,0.9574394226074219
1,0,True,N/A
8,0,True,N/A
4,0,True,N/A
1,0,False,N/A
2,0,True,N/A
0,0,True,N/A
5,0,True,N/A
8,0,True,N/A
6,0,True,N/A
3,0,True,N/A
1,0,True,N/A
9,0,True,N/A
9,0,True,N/A
6,0,True,N/A
9,1,True,0.7260580062866211
2,0,True,N/A
0,0,True,N/A
0,0,True,N/A
8,0,True,N/A
1,0,True,N/A
9,0,True,N/A
6,0,True,N/A
1,0,True,N/A
2,0,True,N/A
7,0,True,N/A
1,0,True,N/A
1,0,True,N/A
2,0,True,N/A
4,0,True,N/A
7,0,True,N/A
3,0,True,N/A
3,0,True,N/A
2,0,True,N/A
0,0,True,N/A
8,0,True,N/A
5,0,True,N/A
0,0,True,N/A
1,0,True,N/A
8,0,True,N/A
1,1,True,0.6133592128753662
8,1,True,1.1289806365966797
8,0,True,N/A
9,0,True,N/A
8,1,True,0.7031328678131104
2,0,True,N/A
4,0,True,N/A
2,1,True,0.5964045524597168
7,0,True,N/A
9,0,True,N/A
4,0,True,N/A
7,0,True,N/A
8,0,True,N/A
3,0,True,N/A
8,1,True,0.6103672981262207
0,0,True,N/A
9,0,True,N/A
6,0,True,N/A
6,0,True,N/A
2,0,True,N/A
9,0,True,N/A
6,0,True,N/A
3,0,True,N/A
0,0,True,N/A
6,0,True,N/A
2,0,True,N/A
6,1,True,1.2995243072509766
2,1,True,0.9604313373565674
7,0,True,N/A
7,0,True,N/A
8,0,True,N/A
3,0,True,N/A
9,0,True,N/A
1,0,True,N/A
8,0,True,N/A
1,1,True,0.6183459758758545
7,0,True,N/A
9,0,True,N/A
7,1,True,0.5834400653839111
6,0,True,N/A
7,1,True,1.352384328842163
7,0,True,N/A
3,0,True,N/A
3,0,True,N/A
3,1,True,0.6901535987854004
5,0,True,N/A
0,0,True,N/A
5,1,True,0.8297815322875977
0,1,True,0.8646879196166992
4,0,True,N/A
0,1,False,1.75
0,0,True,N/A
2,0,True,N/A
7,0,True,N/A
4,0,True,N/A
2,0,True,N/A
1,0,True,N/A
1,0,True,N/A
1,1,True,0.6642236709594727
7,0,True,N/A
8,0,True,N/A
9,0,True,N/A
4,0,True,N/A
8,0,True,N/A
9,0,True,N/A
9,0,True,N/A
4,0,True,N/A
5,0,True,N/A
2,0,True,N/A
1,0,True,N/A
2,1,True,0.6093811988830566
8,0,True,N/A
6,0,True,N/A
8,1,True,0.7091031074523926
5,0,True,N/A
3,0,True,N/A
0,0,True,N/A
4,0,True,N/A
0,1,True,0.9285166263580322
4,1,True,1.4192039966583252
5,0,True,N/A
2,0,True,N/A
2,0,True,N/A
5,0,True,N/A
6,0,True,N/A
1,0,True,N/A
0,0,True,N/A
6,0,True,N/A
5,0,True,N/A
2,0,True,N/A
5,1,True,0.8227992057800293
1,0,True,N/A
8,0,True,N/A
3,0,True,N/A
5,0,True,N/A
2,0,True,N/A
7,0,True,N/A
3,0,True,N/A
7,1,True,0.6941437721252441
0,0,True,N/A
5,0,True,N/A
9,0,True,N/A
2-back task: average react time: 0.861962890625, correct react: 148
Total average react time: 0.861962890625, correct react: 148
