Task length=150, start!
Task 1-back start!
1,0,True,N/A
6,0,True,N/A
1,0,True,N/A
9,0,True,N/A
0,0,True,N/A
1,0,True,N/A
6,0,True,N/A
9,0,True,N/A
0,0,True,N/A
0,1,True,0.5345699787139893
3,0,True,N/A
5,0,True,N/A
3,0,True,N/A
7,0,True,N/A
7,1,True,0.5854341983795166
6,0,True,N/A
1,0,True,N/A
2,0,True,N/A
8,0,True,N/A
1,0,True,N/A
3,0,True,N/A
9,0,True,N/A
9,1,True,0.695141077041626
9,1,True,0.6024024486541748
4,0,True,N/A
9,0,True,N/A
8,0,True,N/A
0,0,True,N/A
2,0,True,N/A
2,1,True,0.576458215713501
7,0,True,N/A
9,0,True,N/A
0,0,True,N/A
7,0,True,N/A
7,1,True,0.609370231628418
4,0,True,N/A
3,0,True,N/A
5,0,True,N/A
9,0,True,N/A
1,0,True,N/A
8,0,True,N/A
2,0,True,N/A
0,0,True,N/A
9,0,True,N/A
9,1,True,0.6223361492156982
3,0,True,N/A
3,1,True,0.5904207229614258
2,0,True,N/A
2,1,True,0.4936795234680176
0,0,True,N/A
7,0,True,N/A
0,0,True,N/A
8,0,True,N/A
3,0,True,N/A
4,0,True,N/A
4,1,True,0.6223351955413818
5,0,True,N/A
1,0,True,N/A
0,0,True,N/A
3,0,True,N/A
5,0,True,N/A
5,1,True,0.6592364311218262
3,0,True,N/A
4,0,True,N/A
5,0,True,N/A
5,1,True,0.5644903182983398
6,0,True,N/A
6,1,True,0.5794496536254883
5,0,True,N/A
3,0,True,N/A
3,1,True,0.6053810119628906
4,0,True,N/A
5,0,True,N/A
5,1,True,0.6572420597076416
0,0,True,N/A
3,0,True,N/A
6,0,True,N/A
1,0,True,N/A
1,1,True,0.5465390682220459
4,0,True,N/A
2,0,True,N/A
3,0,True,N/A
2,0,True,N/A
9,0,True,N/A
3,0,True,N/A
0,0,True,N/A
7,0,True,N/A
0,0,True,N/A
0,1,True,0.6073756217956543
5,0,True,N/A
7,0,True,N/A
3,0,True,N/A
2,0,True,N/A
6,0,True,N/A
9,0,True,N/A
9,1,True,0.6163520812988281
4,0,True,N/A
1,0,True,N/A
0,0,True,N/A
3,0,True,N/A
7,0,True,N/A
6,0,True,N/A
6,1,True,0.6672158241271973
3,0,True,N/A
0,0,True,N/A
3,0,True,N/A
7,0,True,N/A
0,0,True,N/A
3,0,True,N/A
4,0,True,N/A
6,0,True,N/A
4,0,True,N/A
7,0,True,N/A
0,0,True,N/A
9,0,True,N/A
7,0,True,N/A
1,0,True,N/A
7,0,True,N/A
3,0,True,N/A
1,0,True,N/A
8,0,True,N/A
9,0,True,N/A
9,1,True,0.623333215713501
5,0,True,N/A
8,0,True,N/A
7,0,True,N/A
4,0,True,N/A
0,0,True,N/A
2,0,True,N/A
1,0,True,N/A
0,0,True,N/A
4,0,True,N/A
4,1,True,0.5724687576293945
7,0,True,N/A
9,0,True,N/A
9,1,True,0.5435459613800049
2,0,True,N/A
5,0,True,N/A
2,0,True,N/A
6,0,True,N/A
7,0,True,N/A
6,0,True,N/A
7,0,True,N/A
1,0,True,N/A
2,0,True,N/A
3,0,True,N/A
0,0,True,N/A
2,0,True,N/A
4,0,True,N/A
1,0,True,N/A
1-back task: average react time: 0.5988535339182074, correct react: 150
Total average react time: 0.5988535339182074, correct react: 150
Task length=150, start!
Task 3-back start!
4,0,True,N/A
1,0,True,N/A
5,0,True,N/A
3,0,True,N/A
8,0,True,N/A
4,0,True,N/A
3,1,True,0.8327727317810059
4,0,True,N/A
2,0,True,N/A
2,0,True,N/A
2,0,True,N/A
8,0,True,N/A
1,0,True,N/A
9,0,True,N/A
1,0,True,N/A
0,0,True,N/A
4,0,True,N/A
5,0,True,N/A
0,1,True,0.7410182952880859
6,0,True,N/A
0,0,True,N/A
6,0,True,N/A
8,0,True,N/A
3,0,True,N/A
3,0,True,N/A
9,0,True,N/A
4,0,True,N/A
1,0,True,N/A
8,0,True,N/A
2,0,True,N/A
8,0,True,N/A
9,0,True,N/A
9,0,True,N/A
9,0,True,N/A
6,0,True,N/A
5,0,True,N/A
9,1,True,0.6662323474884033
6,1,False,1.75
3,0,True,N/A
7,0,True,N/A
9,0,True,N/A
9,0,True,N/A
5,0,True,N/A
4,0,True,N/A
2,0,True,N/A
1,0,True,N/A
9,0,True,N/A
1,0,True,N/A
4,0,True,N/A
8,0,True,N/A
2,0,True,N/A
1,0,True,N/A
6,0,True,N/A
1,0,True,N/A
6,0,True,N/A
4,0,True,N/A
1,1,False,1.75
9,0,True,N/A
3,0,True,N/A
2,0,True,N/A
1,0,True,N/A
4,0,True,N/A
0,0,True,N/A
7,0,True,N/A
0,0,True,N/A
4,0,True,N/A
9,0,True,N/A
0,1,True,0.9853649139404297
7,0,True,N/A
4,0,True,N/A
1,0,True,N/A
4,0,True,N/A
1,0,True,N/A
1,1,True,0.9504575729370117
3,0,True,N/A
7,0,True,N/A
1,1,True,1.474057912826538
3,1,True,1.0701375007629395
2,0,True,N/A
6,0,True,N/A
7,0,True,N/A
8,0,True,N/A
6,1,True,0.8028550148010254
2,0,True,N/A
9,0,True,N/A
6,1,True,0.7978665828704834
9,0,True,N/A
7,0,True,N/A
8,0,True,N/A
4,0,True,N/A
2,0,True,N/A
5,0,True,N/A
8,0,True,N/A
2,1,True,0.6133592128753662
6,0,True,N/A
8,1,True,0.9973328113555908
0,0,True,N/A
1,0,True,N/A
4,0,True,N/A
9,0,True,N/A
6,0,True,N/A
5,0,True,N/A
4,0,True,N/A
0,0,True,N/A
1,0,True,N/A
6,0,True,N/A
0,1,True,0.6881592273712158
1,1,True,0.9654176235198975
4,0,True,N/A
9,0,True,N/A
7,0,True,N/A
2,0,True,N/A
0,0,True,N/A
3,0,True,N/A
1,0,True,N/A
5,0,True,N/A
3,1,True,0.8198075294494629
0,0,True,N/A
4,0,True,N/A
3,1,True,1.0392193794250488
1,0,True,N/A
6,0,True,N/A
3,1,True,0.6911518573760986
8,0,True,N/A
8,0,True,N/A
3,1,True,1.1569089889526367
3,0,True,N/A
9,0,True,N/A
4,0,True,N/A
3,1,True,0.7978661060333252
2,0,True,N/A
4,1,True,0.6502606868743896
5,0,True,N/A
6,0,True,N/A
9,0,True,N/A
5,1,True,0.8806447982788086
3,0,True,N/A
1,0,True,N/A
2,0,True,N/A
9,0,True,N/A
1,1,True,0.7091042995452881
7,0,True,N/A
4,0,True,N/A
9,0,True,N/A
6,0,True,N/A
9,0,False,N/A
3,0,True,N/A
6,1,False,1.75
8,0,True,N/A
4,0,True,N/A
3-back task: average react time: 0.9824998080730438, correct react: 146
Total average react time: 0.9824998080730438, correct react: 146
Task length=150, start!
Task 2-back start!
7,0,True,N/A
4,0,True,N/A
5,0,True,N/A
4,1,True,0.7041168212890625
7,0,True,N/A
7,0,True,N/A
0,0,True,N/A
7,1,True,0.7130928039550781
0,1,True,0.9574394226074219
1,0,True,N/A
8,0,True,N/A
4,0,True,N/A
1,0,False,N/A
2,0,True,N/A
0,0,True,N/A
5,0,True,N/A
8,0,True,N/A
6,0,True,N/A
3,0,True,N/A
1,0,True,N/A
9,0,True,N/A
9,0,True,N/A
6,0,True,N/A
9,1,True,0.7260580062866211
2,0,True,N/A
0,0,True,N/A
0,0,True,N/A
8,0,True,N/A
1,0,True,N/A
9,0,True,N/A
6,0,True,N/A
1,0,True,N/A
2,0,True,N/A
7,0,True,N/A
1,0,True,N/A
1,0,True,N/A
2,0,True,N/A
4,0,True,N/A
7,0,True,N/A
3,0,True,N/A
3,0,True,N/A
2,0,True,N/A
0,0,True,N/A
8,0,True,N/A
5,0,True,N/A
0,0,True,N/A
1,0,True,N/A
8,0,True,N/A
1,1,True,0.6133592128753662
8,1,True,1.1289806365966797
8,0,True,N/A
9,0,True,N/A
8,1,True,0.7031328678131104
2,0,True,N/A
4,0,True,N/A
2,1,True,0.5964045524597168
7,0,True,N/A
9,0,True,N/A
4,0,True,N/A
7,0,True,N/A
8,0,True,N/A
3,0,True,N/A
8,1,True,0.6103672981262207
0,0,True,N/A
9,0,True,N/A
6,0,True,N/A
6,0,True,N/A
2,0,True,N/A
9,0,True,N/A
6,0,True,N/A
3,0,True,N/A
0,0,True,N/A
6,0,True,N/A
2,0,True,N/A
6,1,True,1.2995243072509766
2,1,True,0.9604313373565674
7,0,True,N/A
7,0,True,N/A
8,0,True,N/A
3,0,True,N/A
9,0,True,N/A
1,0,True,N/A
8,0,True,N/A
1,1,True,0.6183459758758545
7,0,True,N/A
9,0,True,N/A
7,1,True,0.5834400653839111
6,0,True,N/A
7,1,True,1.352384328842163
7,0,True,N/A
3,0,True,N/A
3,0,True,N/A
3,1,True,0.6901535987854004
5,0,True,N/A
0,0,True,N/A
5,1,True,0.8297815322875977
0,1,True,0.8646879196166992
4,0,True,N/A
0,1,False,1.75
0,0,True,N/A
2,0,True,N/A
7,0,True,N/A
4,0,True,N/A
2,0,True,N/A
1,0,True,N/A
1,0,True,N/A
1,1,True,0.6642236709594727
7,0,True,N/A
8,0,True,N/A
9,0,True,N/A
4,0,True,N/A
8,0,True,N/A
9,0,True,N/A
9,0,True,N/A
4,0,True,N/A
5,0,True,N/A
2,0,True,N/A
1,0,True,N/A
2,1,True,0.6093811988830566
8,0,True,N/A
6,0,True,N/A
8,1,True,0.7091031074523926
5,0,True,N/A
3,0,True,N/A
0,0,True,N/A
4,0,True,N/A
0,1,True,0.9285166263580322
4,1,True,1.4192039966583252
5,0,True,N/A
2,0,True,N/A
2,0,True,N/A
5,0,True,N/A
6,0,True,N/A
1,0,True,N/A
0,0,True,N/A
6,0,True,N/A
5,0,True,N/A
2,0,True,N/A
5,1,True,0.8227992057800293
1,0,True,N/A
8,0,True,N/A
3,0,True,N/A
5,0,True,N/A
2,0,True,N/A
7,0,True,N/A
3,0,True,N/A
7,1,True,0.6941437721252441
0,0,True,N/A
5,0,True,N/A
9,0,True,N/A
2-back task: average react time: 0.861962890625, correct react: 148
Total average react time: 0.861962890625, correct react: 148
