Task length=150, start!
Task 3-back start!
2,0,True,N/A
5,0,True,N/A
3,0,True,N/A
8,0,True,N/A
2,0,True,N/A
1,0,True,N/A
6,0,True,N/A
2,1,True,0.8838222026824951
6,0,True,N/A
2,0,True,N/A
2,1,True,0.7299726009368896
5,0,True,N/A
8,0,True,N/A
3,0,True,N/A
5,1,True,1.111048698425293
6,0,True,N/A
8,0,True,N/A
4,0,True,N/A
6,1,False,1.75
7,0,False,N/A
3,0,True,N/A
2,0,True,N/A
7,1,True,0.6699972152709961
1,0,True,N/A
8,0,True,N/A
6,0,True,N/A
1,1,True,1.031043291091919
8,1,True,1.4962918758392334
1,0,True,N/A
4,0,True,N/A
7,0,True,N/A
1,1,True,0.9163508415222168
9,0,True,N/A
9,0,True,N/A
1,1,True,0.7806811332702637
5,0,True,N/A
0,0,True,N/A
5,0,True,N/A
2,0,True,N/A
8,0,True,N/A
0,0,True,N/A
6,0,True,N/A
8,1,True,0.8766107559204102
0,1,True,1.0548484325408936
5,0,True,N/A
1,0,True,N/A
4,0,True,N/A
9,0,True,N/A
7,0,True,N/A
3,0,True,N/A
6,0,True,N/A
7,1,True,0.7662889957427979
4,0,True,N/A
9,0,True,N/A
7,1,True,0.7740240097045898
9,0,True,N/A
9,1,False,1.75
2,0,False,N/A
2,0,True,N/A
9,1,True,0.7108817100524902
1,0,True,N/A
5,0,True,N/A
4,0,True,N/A
1,1,True,0.6594398021697998
0,0,True,N/A
1,0,True,N/A
8,0,True,N/A
3,0,True,N/A
1,1,True,0.820167064666748
7,0,True,N/A
4,0,True,N/A
9,0,True,N/A
7,1,True,0.9540400505065918
4,1,False,1.75
0,0,True,N/A
8,0,True,N/A
3,0,True,N/A
7,0,True,N/A
8,1,True,0.7984528541564941
7,0,True,N/A
0,0,True,N/A
6,0,True,N/A
4,0,True,N/A
7,0,True,N/A
6,1,True,1.326296329498291
6,0,True,N/A
6,0,True,N/A
9,0,True,N/A
3,0,True,N/A
6,1,True,0.939669132232666
4,0,True,N/A
2,0,True,N/A
1,0,True,N/A
7,0,True,N/A
3,0,True,N/A
2,0,True,N/A
8,0,True,N/A
4,0,True,N/A
5,0,True,N/A
1,0,True,N/A
0,0,True,N/A
9,0,True,N/A
4,0,True,N/A
4,0,True,N/A
3,0,True,N/A
4,1,True,0.6714646816253662
5,0,True,N/A
3,1,True,1.0580568313598633
0,0,True,N/A
4,0,True,N/A
1,0,True,N/A
1,0,True,N/A
9,0,True,N/A
9,0,True,N/A
1,1,True,0.6570413112640381
6,0,True,N/A
7,0,True,N/A
3,0,True,N/A
7,0,True,N/A
9,0,True,N/A
3,1,True,0.557565450668335
5,0,True,N/A
1,0,True,N/A
5,0,True,N/A
6,0,True,N/A
7,0,True,N/A
0,0,True,N/A
2,0,True,N/A
6,0,True,N/A
8,0,True,N/A
7,0,True,N/A
5,0,True,N/A
0,0,True,N/A
5,0,True,N/A
6,0,True,N/A
8,0,True,N/A
5,1,True,0.760897159576416
7,0,True,N/A
5,0,True,N/A
8,0,True,N/A
0,0,True,N/A
1,0,True,N/A
7,0,True,N/A
9,0,True,N/A
9,0,True,N/A
9,0,True,N/A
1,0,True,N/A
7,0,True,N/A
4,0,True,N/A
8,0,True,N/A
3-back task: average react time: 0.972405645582411, correct react: 145
Total average react time: 0.972405645582411, correct react: 145
