Task length=150, start!
Task 2-back start!
3,0,True,N/A
6,0,True,N/A
0,0,True,N/A
2,0,True,N/A
4,0,True,N/A
2,1,True,0.7683279514312744
1,0,True,N/A
9,0,True,N/A
5,0,True,N/A
9,1,True,0.6996867656707764
0,0,True,N/A
4,0,True,N/A
2,0,True,N/A
1,0,True,N/A
3,0,True,N/A
3,0,True,N/A
5,0,True,N/A
2,0,True,N/A
5,1,True,0.6381888389587402
7,0,True,N/A
9,0,True,N/A
6,0,True,N/A
5,0,True,N/A
3,0,True,N/A
0,0,True,N/A
7,0,True,N/A
8,0,True,N/A
5,0,True,N/A
6,0,True,N/A
4,0,True,N/A
5,0,True,N/A
9,0,True,N/A
1,0,True,N/A
8,0,True,N/A
0,0,True,N/A
0,0,True,N/A
1,0,True,N/A
6,0,True,N/A
7,0,True,N/A
4,0,True,N/A
7,1,True,0.6925921440124512
6,0,True,N/A
4,0,True,N/A
1,0,True,N/A
2,0,True,N/A
5,0,True,N/A
0,0,True,N/A
8,0,True,N/A
2,0,True,N/A
0,0,True,N/A
5,0,True,N/A
9,0,True,N/A
9,0,True,N/A
2,0,True,N/A
5,0,True,N/A
0,0,True,N/A
1,0,True,N/A
2,0,True,N/A
5,0,True,N/A
8,0,True,N/A
5,1,True,0.5570604801177979
6,0,True,N/A
7,0,True,N/A
6,1,True,0.6372954845428467
2,0,True,N/A
4,0,True,N/A
6,0,True,N/A
4,1,True,0.8854241371154785
3,0,True,N/A
7,0,True,N/A
9,0,True,N/A
4,0,True,N/A
2,0,True,N/A
7,0,True,N/A
2,1,True,0.6526083946228027
7,1,True,0.9254155158996582
2,1,True,0.9835231304168701
0,0,True,N/A
7,0,True,N/A
0,1,True,0.6774427890777588
5,0,True,N/A
2,0,True,N/A
5,1,True,0.6602942943572998
9,0,True,N/A
3,0,True,N/A
1,0,True,N/A
1,0,True,N/A
7,0,True,N/A
4,0,True,N/A
4,0,True,N/A
0,0,True,N/A
0,0,True,N/A
0,1,True,0.7568199634552002
6,0,True,N/A
1,0,True,N/A
6,1,True,0.9857409000396729
3,0,True,N/A
7,0,True,N/A
7,0,True,N/A
3,0,True,N/A
2,0,True,N/A
0,0,True,N/A
4,0,True,N/A
3,0,True,N/A
7,0,True,N/A
7,0,True,N/A
7,1,True,0.5964646339416504
4,0,True,N/A
7,1,False,1.75
9,0,True,N/A
0,0,True,N/A
5,0,True,N/A
4,0,True,N/A
8,0,True,N/A
3,0,True,N/A
5,0,True,N/A
9,0,True,N/A
6,0,True,N/A
5,0,True,N/A
7,0,True,N/A
0,0,True,N/A
4,0,True,N/A
8,0,True,N/A
6,0,True,N/A
7,0,True,N/A
7,0,True,N/A
2,0,True,N/A
6,0,True,N/A
4,0,True,N/A
6,1,True,0.5668139457702637
1,0,True,N/A
1,0,True,N/A
9,0,True,N/A
1,1,True,0.5668416023254395
9,1,True,0.9444024562835693
6,0,True,N/A
4,0,True,N/A
8,0,True,N/A
9,0,True,N/A
9,0,True,N/A
9,1,True,0.945389986038208
9,1,True,0.8438687324523926
8,0,True,N/A
4,0,True,N/A
9,0,True,N/A
8,0,True,N/A
8,0,True,N/A
9,0,True,N/A
3,0,True,N/A
9,1,True,1.257856845855713
2-back task: average react time: 0.8178208632902666, correct react: 149
Total average react time: 0.8178208632902666, correct react: 149
