Task length=150, start!
Task 2-back start!
3,0,True,N/A
7,0,True,N/A
7,0,True,N/A
5,0,True,N/A
9,0,True,N/A
9,0,True,N/A
7,0,True,N/A
9,1,True,0.9894609451293945
7,1,True,1.1022284030914307
8,0,True,N/A
7,1,True,1.1709718704223633
7,0,True,N/A
2,0,True,N/A
4,0,True,N/A
6,0,True,N/A
7,0,True,N/A
6,1,True,0.6625726222991943
1,0,True,N/A
8,0,True,N/A
0,0,True,N/A
9,0,True,N/A
7,0,True,N/A
9,1,True,0.8898460865020752
3,0,True,N/A
1,0,True,N/A
5,0,True,N/A
2,0,True,N/A
6,0,True,N/A
1,0,True,N/A
3,0,True,N/A
1,1,True,1.0797119140625
1,0,True,N/A
9,0,True,N/A
8,0,True,N/A
3,0,True,N/A
6,0,True,N/A
3,1,True,0.9637942314147949
1,0,True,N/A
6,0,True,N/A
2,0,True,N/A
9,0,True,N/A
4,0,True,N/A
4,0,True,N/A
9,0,True,N/A
7,0,True,N/A
1,0,True,N/A
5,0,True,N/A
2,0,True,N/A
3,0,True,N/A
0,0,True,N/A
6,0,True,N/A
6,0,True,N/A
7,0,True,N/A
8,0,True,N/A
1,0,True,N/A
2,0,True,N/A
6,0,True,N/A
2,1,False,1.75
2,0,True,N/A
4,0,True,N/A
6,0,True,N/A
2,0,True,N/A
7,0,True,N/A
8,0,True,N/A
7,1,True,1.174248456954956
4,0,True,N/A
6,0,True,N/A
9,0,True,N/A
6,1,True,1.146348476409912
0,0,True,N/A
6,1,True,0.622194766998291
9,0,True,N/A
7,0,True,N/A
9,1,True,0.9837191104888916
3,0,True,N/A
7,0,True,N/A
5,0,True,N/A
0,0,True,N/A
5,1,True,0.6950557231903076
5,0,True,N/A
3,0,True,N/A
7,0,True,N/A
3,1,True,1.4589965343475342
4,0,True,N/A
8,0,True,N/A
7,0,True,N/A
0,0,True,N/A
7,1,True,0.647958517074585
3,0,True,N/A
2,0,True,N/A
1,0,True,N/A
2,1,True,0.8552587032318115
1,1,True,1.0513556003570557
1,0,True,N/A
1,1,True,0.9824419021606445
0,0,True,N/A
4,0,True,N/A
1,0,True,N/A
2,0,True,N/A
8,0,True,N/A
7,0,True,N/A
3,0,True,N/A
3,0,True,N/A
2,0,True,N/A
2,0,True,N/A
6,0,True,N/A
8,0,True,N/A
1,0,True,N/A
6,0,True,N/A
5,0,True,N/A
9,0,True,N/A
6,0,True,N/A
1,0,True,N/A
8,0,True,N/A
7,0,True,N/A
8,1,True,0.829521894454956
7,1,True,0.9280633926391602
0,0,True,N/A
6,0,True,N/A
3,0,True,N/A
6,1,True,1.1433613300323486
6,0,True,N/A
6,1,True,0.5710484981536865
7,0,True,N/A
4,0,True,N/A
3,0,True,N/A
9,0,True,N/A
3,1,False,1.75
9,1,True,0.704230546951294
6,0,True,N/A
4,0,True,N/A
1,0,True,N/A
2,0,True,N/A
2,0,True,N/A
8,0,True,N/A
3,0,True,N/A
4,0,True,N/A
9,0,True,N/A
5,0,True,N/A
5,0,True,N/A
5,1,True,0.5949819087982178
5,1,True,0.8544883728027344
0,0,True,N/A
6,0,True,N/A
7,0,True,N/A
8,0,True,N/A
8,0,True,N/A
4,0,True,N/A
9,0,True,N/A
2,0,True,N/A
2-back task: average react time: 0.9846869156910822, correct react: 148
Total average react time: 0.9846869156910822, correct react: 148
Task length=150, start!
Task 3-back start!
1,0,True,N/A
2,0,True,N/A
2,0,True,N/A
7,0,True,N/A
6,0,True,N/A
4,0,True,N/A
3,0,True,N/A
5,0,True,N/A
4,1,False,1.75
7,0,True,N/A
7,0,True,N/A
5,0,True,N/A
5,0,True,N/A
4,0,True,N/A
8,0,True,N/A
9,0,True,N/A
4,1,False,1.75
1,0,True,N/A
1,0,True,N/A
4,1,False,1.75
8,0,True,N/A
6,0,True,N/A
4,1,True,1.580862283706665
1,0,True,N/A
5,0,True,N/A
0,0,True,N/A
1,1,False,1.75
8,0,True,N/A
1,0,True,N/A
6,0,True,N/A
9,0,True,N/A
6,0,True,N/A
6,1,False,1.75
8,0,True,N/A
5,0,True,N/A
0,0,True,N/A
8,1,True,1.546820878982544
1,0,True,N/A
5,0,True,N/A
1,0,True,N/A
8,0,True,N/A
6,0,True,N/A
5,0,True,N/A
4,0,True,N/A
7,0,True,N/A
1,0,True,N/A
8,0,True,N/A
3,0,True,N/A
1,1,True,1.0111994743347168
5,0,True,N/A
2,0,True,N/A
1,1,True,1.055370807647705
4,0,True,N/A
7,0,True,N/A
0,0,True,N/A
5,0,True,N/A
6,0,True,N/A
4,0,True,N/A
8,0,True,N/A
0,0,True,N/A
1,0,True,N/A
4,0,True,N/A
2,0,True,N/A
0,0,False,N/A
4,1,False,1.75
2,1,False,1.75
1,0,True,N/A
1,0,True,N/A
7,0,True,N/A
6,0,True,N/A
9,0,True,N/A
3,0,True,N/A
8,0,True,N/A
1,0,True,N/A
7,0,True,N/A
1,0,True,N/A
8,0,True,N/A
9,0,True,N/A
8,0,True,N/A
8,1,True,1.1310932636260986
1,0,True,N/A
7,0,True,N/A
0,0,True,N/A
6,0,True,N/A
5,0,True,N/A
1,0,True,N/A
6,1,True,1.4571402072906494
1,0,True,N/A
8,0,True,N/A
9,0,True,N/A
7,0,True,N/A
7,0,True,N/A
5,0,True,N/A
7,1,True,1.4621295928955078
1,0,True,N/A
6,0,True,N/A
5,0,True,N/A
7,0,True,N/A
0,0,True,N/A
5,1,True,1.70585298538208
5,0,True,N/A
3,0,True,N/A
0,0,True,N/A
6,0,True,N/A
9,0,True,N/A
3,0,True,N/A
2,0,True,N/A
0,0,True,N/A
4,0,True,N/A
8,0,True,N/A
1,0,True,N/A
4,1,True,0.9850606918334961
4,0,True,N/A
3,0,True,N/A
1,0,True,N/A
5,0,True,N/A
7,0,True,N/A
1,1,True,0.8016452789306641
3,0,True,N/A
2,0,True,N/A
5,0,True,N/A
6,0,True,N/A
8,0,True,N/A
5,1,False,1.75
2,0,True,N/A
4,0,True,N/A
3,0,True,N/A
8,0,True,N/A
4,1,True,0.774195671081543
1,0,True,N/A
8,1,True,1.5660204887390137
6,0,True,N/A
7,0,True,N/A
6,0,False,N/A
5,0,True,N/A
6,0,True,N/A
9,0,True,N/A
5,1,True,0.8274829387664795
9,0,True,N/A
1,0,True,N/A
0,0,True,N/A
5,0,True,N/A
8,0,True,N/A
0,1,True,0.8517036437988281
7,0,True,N/A
3,0,True,N/A
1,0,True,N/A
7,1,True,1.4006659984588623
9,0,True,N/A
8,0,True,N/A
3-back task: average react time: 1.3981410524119502, correct react: 140
Total average react time: 1.3981410524119502, correct react: 140
Task length=150, start!
Task 1-back start!
3,0,True,N/A
7,0,True,N/A
5,0,True,N/A
7,0,True,N/A
4,0,True,N/A
7,0,True,N/A
1,0,True,N/A
5,0,True,N/A
9,0,True,N/A
9,1,True,0.7724225521087646
5,0,True,N/A
9,0,True,N/A
5,0,True,N/A
8,0,True,N/A
6,0,True,N/A
5,0,True,N/A
2,0,True,N/A
0,0,True,N/A
8,0,True,N/A
1,0,True,N/A
5,0,True,N/A
7,0,True,N/A
8,0,True,N/A
7,0,True,N/A
7,1,True,0.9965157508850098
9,0,True,N/A
5,0,True,N/A
6,0,True,N/A
1,0,True,N/A
6,0,True,N/A
4,0,True,N/A
6,0,True,N/A
3,0,True,N/A
3,1,True,0.7267906665802002
0,0,True,N/A
9,0,True,N/A
8,0,True,N/A
2,0,True,N/A
8,0,True,N/A
8,1,True,0.7003247737884521
4,0,True,N/A
5,0,True,N/A
0,0,True,N/A
8,0,True,N/A
5,0,True,N/A
9,0,True,N/A
6,0,True,N/A
6,1,True,0.5763020515441895
1,0,True,N/A
9,0,True,N/A
7,0,True,N/A
3,0,True,N/A
9,0,True,N/A
9,1,True,0.7061994075775146
1,0,True,N/A
6,0,True,N/A
0,0,True,N/A
4,0,True,N/A
0,0,True,N/A
0,1,True,0.678419828414917
7,0,True,N/A
1,0,True,N/A
0,0,True,N/A
2,0,True,N/A
3,0,True,N/A
1,0,True,N/A
1,1,True,0.6305463314056396
5,0,True,N/A
6,0,True,N/A
3,0,True,N/A
5,0,True,N/A
0,0,True,N/A
4,0,True,N/A
3,0,True,N/A
3,1,True,0.7341744899749756
9,0,True,N/A
7,0,True,N/A
7,1,True,0.712548017501831
7,1,True,0.8953256607055664
1,0,True,N/A
4,0,True,N/A
1,0,True,N/A
9,0,True,N/A
1,0,True,N/A
7,0,True,N/A
9,0,True,N/A
7,0,True,N/A
1,0,True,N/A
0,0,True,N/A
2,0,True,N/A
4,0,True,N/A
5,0,True,N/A
5,1,True,0.7640407085418701
6,0,True,N/A
2,0,True,N/A
5,0,True,N/A
2,0,True,N/A
0,0,True,N/A
7,0,True,N/A
6,0,True,N/A
4,0,True,N/A
4,1,True,0.7911810874938965
2,0,True,N/A
7,0,True,N/A
1,0,True,N/A
4,0,True,N/A
4,1,True,0.6076078414916992
0,0,True,N/A
0,1,True,0.5670008659362793
1,0,True,N/A
9,0,True,N/A
9,1,True,0.6971461772918701
1,0,True,N/A
8,0,True,N/A
4,0,True,N/A
5,0,True,N/A
2,0,True,N/A
2,1,True,0.5529863834381104
5,0,True,N/A
4,0,True,N/A
2,0,True,N/A
4,0,True,N/A
9,0,True,N/A
2,0,True,N/A
8,0,True,N/A
1,0,True,N/A
1,1,True,0.6296303272247314
1,1,True,1.2421116828918457
9,0,True,N/A
8,0,True,N/A
8,1,True,0.6386516094207764
7,0,True,N/A
8,0,True,N/A
5,0,True,N/A
3,0,True,N/A
1,0,True,N/A
1,1,True,0.6773450374603271
1,1,True,0.6554956436157227
0,0,True,N/A
8,0,True,N/A
3,0,True,N/A
1,0,True,N/A
6,0,True,N/A
9,0,True,N/A
2,0,True,N/A
8,0,True,N/A
4,0,True,N/A
2,0,True,N/A
4,0,True,N/A
0,0,True,N/A
1-back task: average react time: 0.7251257679679177, correct react: 150
Total average react time: 0.7251257679679177, correct react: 150
