Task length=150, start!
Task 2-back start!
7,0,True,N/A
4,0,True,N/A
7,1,True,0.9043576717376709
8,0,True,N/A
7,1,True,0.9250137805938721
7,0,True,N/A
0,0,True,N/A
1,0,True,N/A
3,0,True,N/A
8,0,True,N/A
2,0,True,N/A
7,0,True,N/A
4,0,True,N/A
0,0,True,N/A
7,0,True,N/A
7,0,True,N/A
4,0,True,N/A
6,0,True,N/A
9,0,True,N/A
5,0,True,N/A
8,0,True,N/A
5,1,True,0.9088015556335449
2,0,True,N/A
3,0,True,N/A
3,0,True,N/A
0,0,True,N/A
1,0,True,N/A
8,0,True,N/A
1,1,True,1.4657139778137207
6,0,True,N/A
6,0,True,N/A
8,0,True,N/A
7,0,True,N/A
7,0,True,N/A
5,0,True,N/A
5,0,True,N/A
0,0,True,N/A
5,1,True,0.9017508029937744
5,0,True,N/A
9,0,True,N/A
0,0,True,N/A
5,0,True,N/A
5,0,True,N/A
2,0,True,N/A
9,0,True,N/A
4,0,True,N/A
2,0,True,N/A
4,1,True,0.8014366626739502
7,0,True,N/A
3,0,True,N/A
9,0,True,N/A
1,0,True,N/A
4,0,True,N/A
9,0,True,N/A
4,1,True,0.6275279521942139
6,0,True,N/A
0,0,True,N/A
6,1,True,0.7978777885437012
7,0,True,N/A
7,0,True,N/A
7,1,True,0.7061896324157715
5,0,True,N/A
6,0,True,N/A
6,0,True,N/A
8,0,True,N/A
4,0,True,N/A
3,0,True,N/A
9,0,True,N/A
7,0,True,N/A
1,0,True,N/A
3,0,True,N/A
0,0,True,N/A
9,0,True,N/A
5,0,True,N/A
8,0,True,N/A
9,0,True,N/A
4,0,True,N/A
5,0,True,N/A
8,0,True,N/A
3,0,True,N/A
1,0,True,N/A
7,0,True,N/A
1,1,True,0.6617815494537354
0,0,True,N/A
9,0,True,N/A
1,0,True,N/A
4,0,True,N/A
1,1,True,0.6926352977752686
7,0,True,N/A
1,1,True,1.4445769786834717
9,0,True,N/A
0,0,True,N/A
8,0,True,N/A
7,0,True,N/A
0,0,True,N/A
7,1,True,0.6508045196533203
6,0,True,N/A
9,0,True,N/A
5,0,True,N/A
4,0,True,N/A
0,0,True,N/A
5,0,True,N/A
5,0,True,N/A
8,0,True,N/A
3,0,True,N/A
0,0,True,N/A
2,0,True,N/A
0,1,True,0.8894336223602295
8,0,True,N/A
0,1,False,1.75
5,0,True,N/A
0,1,True,1.5273704528808594
7,0,True,N/A
3,0,True,N/A
9,0,True,N/A
8,0,True,N/A
7,0,True,N/A
1,0,True,N/A
2,0,True,N/A
9,0,True,N/A
7,0,True,N/A
8,0,True,N/A
9,0,True,N/A
9,0,True,N/A
3,0,True,N/A
4,0,True,N/A
6,0,True,N/A
6,0,True,N/A
3,0,True,N/A
3,0,True,N/A
5,0,True,N/A
8,0,True,N/A
2,0,True,N/A
1,0,True,N/A
8,0,True,N/A
2,0,True,N/A
8,1,True,0.9239077568054199
2,1,True,1.0260674953460693
2,0,True,N/A
7,0,True,N/A
2,1,True,1.4859111309051514
7,1,True,1.0135033130645752
9,0,True,N/A
7,1,True,1.5148391723632812
5,0,True,N/A
8,0,True,N/A
2,0,True,N/A
9,0,True,N/A
0,0,True,N/A
7,0,True,N/A
2-back task: average react time: 1.0295000530424572, correct react: 149
Total average react time: 1.0295000530424572, correct react: 149
Task length=150, start!
Task 3-back start!
5,0,True,N/A
0,0,True,N/A
0,0,True,N/A
5,1,True,0.6644463539123535
6,0,True,N/A
0,1,True,1.06298828125
0,0,True,N/A
1,0,True,N/A
8,0,True,N/A
4,0,True,N/A
9,0,True,N/A
9,0,True,N/A
6,0,True,N/A
9,1,True,0.8712027072906494
5,0,True,N/A
6,1,True,1.2110915184020996
1,0,True,N/A
0,0,True,N/A
0,0,True,N/A
0,0,False,N/A
0,1,True,1.1871297359466553
9,0,True,N/A
6,0,True,N/A
3,0,True,N/A
4,0,True,N/A
0,0,True,N/A
3,1,True,1.1734516620635986
7,0,True,N/A
1,0,True,N/A
2,0,True,N/A
1,0,True,N/A
2,0,True,N/A
2,1,True,0.8338143825531006
2,0,True,N/A
5,0,True,N/A
8,0,True,N/A
0,0,True,N/A
4,0,True,N/A
8,1,True,0.9933240413665771
4,0,True,N/A
5,0,True,N/A
9,0,True,N/A
4,1,True,1.1068830490112305
9,0,True,N/A
3,0,True,N/A
2,0,True,N/A
9,1,True,1.0821468830108643
1,0,True,N/A
9,0,True,N/A
5,0,True,N/A
1,1,True,0.7680823802947998
3,0,True,N/A
8,0,True,N/A
1,1,True,0.9522414207458496
1,0,True,N/A
9,0,True,N/A
1,1,True,0.9842298030853271
7,0,True,N/A
0,0,True,N/A
9,0,True,N/A
7,1,True,0.9569888114929199
3,0,True,N/A
9,1,True,1.30771803855896
9,0,True,N/A
2,0,True,N/A
9,1,True,0.8630809783935547
4,0,True,N/A
2,1,True,1.428668737411499
3,0,True,N/A
6,0,True,N/A
4,0,True,N/A
2,0,True,N/A
5,0,True,N/A
8,0,True,N/A
0,0,True,N/A
1,0,True,N/A
9,0,True,N/A
7,0,True,N/A
9,0,True,N/A
0,0,True,N/A
8,0,True,N/A
3,0,True,N/A
6,0,True,N/A
9,0,True,N/A
3,1,True,0.7295632362365723
9,0,True,N/A
6,0,True,N/A
7,0,True,N/A
9,1,False,1.75
4,0,True,N/A
7,1,False,1.75
9,1,False,1.75
4,1,False,1.75
5,0,True,N/A
0,0,True,N/A
0,0,True,N/A
1,0,True,N/A
