Task length=150, start!
Task 1-back start!
6,0,True,N/A
4,0,True,N/A
1,0,True,N/A
1,1,True,1.0405128002166748
5,0,True,N/A
3,0,True,N/A
3,1,True,0.6833539009094238
1,0,True,N/A
7,0,True,N/A
5,0,True,N/A
5,1,True,0.5030581951141357
6,0,True,N/A
8,0,True,N/A
5,0,True,N/A
8,0,True,N/A
5,0,True,N/A
7,0,True,N/A
8,0,True,N/A
6,0,True,N/A
2,0,True,N/A
3,0,True,N/A
9,0,True,N/A
4,0,True,N/A
2,0,True,N/A
0,0,True,N/A
9,0,True,N/A
7,0,True,N/A
7,1,True,0.7144589424133301
5,0,True,N/A
1,0,True,N/A
9,0,True,N/A
1,0,True,N/A
5,0,True,N/A
1,0,True,N/A
6,0,True,N/A
4,0,True,N/A
4,1,True,0.6037697792053223
9,0,True,N/A
0,0,True,N/A
1,0,True,N/A
7,0,True,N/A
0,0,True,N/A
1,0,True,N/A
1,1,True,0.6058564186096191
1,1,True,0.655858039855957
1,1,True,0.6901116371154785
0,0,True,N/A
2,0,True,N/A
1,0,True,N/A
2,0,True,N/A
6,0,True,N/A
5,0,True,N/A
5,1,True,0.6200206279754639
5,1,True,0.6389379501342773
5,1,True,0.61637282371521
9,0,True,N/A
6,0,True,N/A
3,0,True,N/A
2,0,True,N/A
8,0,True,N/A
6,0,True,N/A
9,0,True,N/A
2,0,True,N/A
2,1,True,0.592400312423706
7,0,True,N/A
1,0,True,N/A
4,0,True,N/A
3,0,True,N/A
8,0,True,N/A
4,0,True,N/A
6,0,True,N/A
0,0,True,N/A
8,0,True,N/A
9,0,True,N/A
6,0,True,N/A
2,0,True,N/A
7,0,True,N/A
4,0,True,N/A
9,0,True,N/A
8,0,True,N/A
4,0,True,N/A
9,0,True,N/A
5,0,True,N/A
3,0,True,N/A
7,0,True,N/A
7,1,True,0.641679048538208
8,0,True,N/A
1,0,True,N/A
8,0,True,N/A
3,0,True,N/A
5,0,True,N/A
7,0,True,N/A
7,1,True,0.6323184967041016
0,0,True,N/A
9,0,True,N/A
4,0,True,N/A
4,1,True,0.5821702480316162
4,1,True,0.6232993602752686
4,1,True,0.5619890689849854
9,0,True,N/A
9,1,True,0.6560070514678955
4,0,True,N/A
3,0,True,N/A
9,0,True,N/A
9,1,True,0.6785061359405518
3,0,True,N/A
9,0,True,N/A
7,0,True,N/A
4,0,True,N/A
6,0,True,N/A
1,0,True,N/A
1,1,True,0.664055585861206
4,0,True,N/A
5,0,True,N/A
4,0,False,N/A
2,0,True,N/A
6,0,True,N/A
4,0,True,N/A
1,0,True,N/A
7,0,True,N/A
6,0,True,N/A
1,0,True,N/A
2,0,True,N/A
9,0,True,N/A
3,0,True,N/A
3,1,True,0.6718337535858154
2,0,True,N/A
8,0,True,N/A
3,0,True,N/A
3,1,True,0.5805573463439941
3,1,True,0.6804821491241455
4,0,True,N/A
9,0,True,N/A
1,0,True,N/A
7,0,True,N/A
9,0,True,N/A
5,0,True,N/A
8,0,True,N/A
5,0,True,N/A
3,0,True,N/A
1,0,True,N/A
3,0,True,N/A
7,0,True,N/A
8,0,True,N/A
7,0,True,N/A
8,0,True,N/A
9,0,True,N/A
3,0,True,N/A
3,1,True,0.4820859432220459
6,0,True,N/A
1-back task: average react time: 0.6424873173236847, correct react: 149
Total average react time: 0.6424873173236847, correct react: 149
