Task length=150, start!
Task 3-back start!
8,0,True,N/A
8,0,True,N/A
0,0,True,N/A
7,0,True,N/A
1,0,True,N/A
1,0,True,N/A
1,0,False,N/A
4,0,True,N/A
3,0,True,N/A
5,0,True,N/A
4,1,False,1.75
9,0,False,N/A
1,0,True,N/A
4,1,False,1.75
5,0,True,N/A
1,1,True,0.9572341442108154
0,0,True,N/A
7,0,True,N/A
0,0,True,N/A
4,0,True,N/A
7,1,True,0.8961262702941895
0,1,False,1.75
0,0,True,N/A
8,0,True,N/A
9,0,True,N/A
5,0,True,N/A
1,0,True,N/A
4,0,True,N/A
5,1,True,0.8702082633972168
0,0,True,N/A
4,1,False,1.75
0,0,False,N/A
7,0,True,N/A
4,1,False,1.75
3,0,True,N/A
3,0,True,N/A
4,1,True,0.8394296169281006
2,0,True,N/A
3,1,True,1.0719082355499268
3,0,True,N/A
8,0,True,N/A
3,1,True,1.367288589477539
4,0,True,N/A
2,0,True,N/A
1,0,True,N/A
9,0,True,N/A
3,0,True,N/A
8,0,True,N/A
5,0,True,N/A
3,1,True,0.8068726062774658
7,0,True,N/A
2,0,True,N/A
2,0,True,N/A
1,0,True,N/A
8,0,True,N/A
1,0,True,N/A
5,0,True,N/A
3,0,True,N/A
7,0,True,N/A
7,0,True,N/A
8,0,True,N/A
3,0,True,N/A
2,0,True,N/A
9,0,True,N/A
4,0,True,N/A
5,0,True,N/A
4,0,False,N/A
3,0,True,N/A
6,0,True,N/A
9,0,True,N/A
3,1,True,0.9566316604614258
2,0,True,N/A
9,1,True,1.1632318496704102
2,0,True,N/A
3,0,True,N/A
0,0,True,N/A
5,0,True,N/A
8,0,True,N/A
4,0,True,N/A
4,0,True,N/A
2,0,True,N/A
9,0,True,N/A
0,0,True,N/A
3,0,True,N/A
7,0,True,N/A
3,0,True,N/A
3,1,True,0.9721217155456543
7,1,True,1.393181562423706
6,0,True,N/A
9,0,True,N/A
8,0,True,N/A
8,0,True,N/A
0,0,True,N/A
3,0,True,N/A
4,0,True,N/A
9,0,True,N/A
9,0,True,N/A
4,1,True,0.7192966938018799
0,0,True,N/A
4,0,True,N/A
6,0,True,N/A
7,0,True,N/A
6,0,True,N/A
5,0,True,N/A
0,0,True,N/A
1,0,True,N/A
5,1,True,1.0277931690216064
7,0,True,N/A
5,0,True,N/A
3,0,True,N/A
0,0,True,N/A
6,0,True,N/A
8,0,True,N/A
2,0,True,N/A
3,0,True,N/A
3,0,True,N/A
4,0,True,N/A
7,0,True,N/A
4,0,True,N/A
0,0,True,N/A
4,0,True,N/A
7,0,False,N/A
1,0,True,N/A
8,0,True,N/A
6,0,True,N/A
7,0,True,N/A
6,0,True,N/A
7,0,True,N/A
7,1,True,1.0278127193450928
6,1,False,1.75
6,0,False,N/A
0,0,True,N/A
6,1,True,0.8833527565002441
6,1,True,1.0783259868621826
0,1,True,1.1306099891662598
8,0,True,N/A
8,0,True,N/A
1,0,True,N/A
5,0,True,N/A
1,0,False,N/A
2,0,True,N/A
3,0,True,N/A
7,0,True,N/A
4,0,True,N/A
0,0,True,N/A
5,0,True,N/A
7,0,True,N/A
4,0,True,N/A
6,0,True,N/A
3,0,True,N/A
3-back task: average react time: 1.2026706882145093, correct react: 137
Total average react time: 1.2026706882145093, correct react: 137
Task length=150, start!
Task 1-back start!
2,0,True,N/A
8,0,True,N/A
4,0,True,N/A
5,0,True,N/A
0,0,True,N/A
1,0,True,N/A
7,0,True,N/A
1,0,True,N/A
1,1,True,0.6644155979156494
0,0,True,N/A
8,0,True,N/A
7,0,True,N/A
8,0,True,N/A
3,0,True,N/A
3,1,True,0.7224490642547607
6,0,True,N/A
5,0,True,N/A
6,0,True,N/A
9,0,True,N/A
6,0,True,N/A
0,0,True,N/A
8,0,True,N/A
9,0,True,N/A
7,0,True,N/A
2,0,True,N/A
6,0,True,N/A
5,0,True,N/A
3,0,True,N/A
2,0,True,N/A
2,1,True,0.9407801628112793
4,0,True,N/A
9,0,True,N/A
5,0,True,N/A
6,0,True,N/A
5,0,True,N/A
6,0,True,N/A
4,0,True,N/A
6,0,True,N/A
2,0,True,N/A
0,0,True,N/A
7,0,True,N/A
9,0,True,N/A
2,0,True,N/A
2,1,True,0.7113320827484131
1,0,True,N/A
9,0,True,N/A
2,0,True,N/A
2,1,True,0.7378168106079102
4,0,True,N/A
4,1,True,0.6502623558044434
5,0,True,N/A
6,0,True,N/A
5,0,True,N/A
6,0,True,N/A
6,1,True,0.6413159370422363
5,0,True,N/A
4,0,True,N/A
9,0,True,N/A
7,0,True,N/A
9,0,True,N/A
5,0,True,N/A
1,0,True,N/A
9,0,True,N/A
6,0,True,N/A
7,0,True,N/A
4,0,True,N/A
3,0,True,N/A
1,0,True,N/A
4,0,True,N/A
8,0,True,N/A
3,0,True,N/A
4,0,True,N/A
6,0,True,N/A
2,0,True,N/A
8,0,True,N/A
5,0,True,N/A
7,0,True,N/A
9,0,True,N/A
6,0,True,N/A
6,1,False,1.75
3,0,True,N/A
5,0,True,N/A
5,1,True,0.5742366313934326
9,0,True,N/A
6,0,True,N/A
7,0,True,N/A
3,0,True,N/A
3,1,True,0.6062023639678955
9,0,True,N/A
8,0,True,N/A
6,0,True,N/A
8,0,True,N/A
2,0,True,N/A
2,1,True,0.5497117042541504
6,0,True,N/A
6,1,True,0.5803301334381104
5,0,True,N/A
1,0,True,N/A
7,0,True,N/A
4,0,True,N/A
5,0,True,N/A
3,0,True,N/A
7,0,True,N/A
5,0,True,N/A
4,0,True,N/A
6,0,True,N/A
1,0,True,N/A
0,0,True,N/A
0,1,True,0.7229471206665039
6,0,True,N/A
9,0,True,N/A
2,0,True,N/A
1,0,True,N/A
2,0,True,N/A
0,0,True,N/A
4,0,True,N/A
3,0,True,N/A
9,0,True,N/A
2,0,True,N/A
5,0,True,N/A
1,0,True,N/A
1,1,True,0.5311295986175537
0,0,True,N/A
6,0,True,N/A
8,0,True,N/A
1,0,True,N/A
3,0,True,N/A
3,1,True,0.6361768245697021
2,0,True,N/A
5,0,True,N/A
5,1,True,0.5136382579803467
2,0,True,N/A
1,0,True,N/A
7,0,True,N/A
3,0,True,N/A
5,0,True,N/A
4,0,True,N/A
0,0,True,N/A
5,0,True,N/A
1,0,True,N/A
9,0,True,N/A
3,0,True,N/A
7,0,True,N/A
2,0,True,N/A
9,0,True,N/A
3,0,True,N/A
1,0,True,N/A
4,0,True,N/A
4,1,True,0.646838903427124
9,0,True,N/A
1-back task: average react time: 0.7164460911470301, correct react: 149
Total average react time: 0.7164460911470301, correct react: 149
Task length=150, start!
Task 2-back start!
0,0,True,N/A
9,0,True,N/A
9,0,True,N/A
1,0,True,N/A
7,0,True,N/A
1,1,True,1.047572135925293
3,0,True,N/A
8,0,True,N/A
4,0,True,N/A
5,0,True,N/A
3,0,True,N/A
9,0,True,N/A
9,0,True,N/A
0,0,True,N/A
3,0,True,N/A
5,0,True,N/A
0,0,True,N/A
4,0,True,N/A
8,0,True,N/A
8,0,True,N/A
9,0,True,N/A
8,1,True,0.7147552967071533
9,1,True,1.140310525894165
9,0,True,N/A
0,0,True,N/A
2,0,True,N/A
0,1,True,0.8521289825439453
3,0,True,N/A
4,0,True,N/A
8,0,True,N/A
0,0,True,N/A
9,0,True,N/A
4,0,True,N/A
1,0,True,N/A
9,0,True,N/A
3,0,True,N/A
6,0,True,N/A
6,0,True,N/A
3,0,True,N/A
9,0,True,N/A
3,1,True,1.0378966331481934
3,0,True,N/A
4,0,True,N/A
8,0,True,N/A
1,0,True,N/A
3,0,True,N/A
2,0,True,N/A
4,0,True,N/A
6,0,True,N/A
6,0,True,N/A
6,1,True,0.8476457595825195
6,1,True,0.8419108390808105
2,0,True,N/A
9,0,True,N/A
0,0,True,N/A
1,0,True,N/A
5,0,True,N/A
6,0,True,N/A
3,0,True,N/A
9,0,True,N/A
4,0,True,N/A
0,0,True,N/A
3,0,True,N/A
1,0,True,N/A
5,0,True,N/A
2,0,True,N/A
9,0,True,N/A
7,0,True,N/A
6,0,True,N/A
4,0,True,N/A
6,1,True,0.7734060287475586
9,0,True,N/A
8,0,True,N/A
3,0,True,N/A
0,0,True,N/A
2,0,True,N/A
8,0,True,N/A
1,0,True,N/A
1,0,True,N/A
1,1,True,0.6646194458007812
4,0,True,N/A
3,0,True,N/A
6,0,True,N/A
9,0,True,N/A
9,0,True,N/A
9,1,True,0.6887118816375732
3,0,True,N/A
6,0,True,N/A
0,0,True,N/A
2,0,True,N/A
0,1,True,0.9960317611694336
9,0,True,N/A
5,0,True,N/A
4,0,True,N/A
3,0,True,N/A
0,0,True,N/A
0,0,True,N/A
3,0,True,N/A
4,0,True,N/A
7,0,True,N/A
6,0,True,N/A
5,0,True,N/A
9,0,True,N/A
2,0,True,N/A
2,0,True,N/A
6,0,True,N/A
1,0,True,N/A
6,1,True,1.1340720653533936
2,0,True,N/A
5,0,True,N/A
3,0,True,N/A
5,1,True,1.013908863067627
3,1,True,1.0009796619415283
6,0,True,N/A
2,0,True,N/A
3,0,True,N/A
1,0,True,N/A
1,0,True,N/A
4,0,True,N/A
7,0,True,N/A
3,0,True,N/A
9,0,True,N/A
7,0,True,N/A
6,0,True,N/A
1,0,True,N/A
6,1,True,0.8358557224273682
2,0,True,N/A
0,0,True,N/A
4,0,True,N/A
8,0,True,N/A
3,0,True,N/A
3,0,True,N/A
4,0,True,N/A
2,0,True,N/A
7,0,True,N/A
8,0,True,N/A
7,1,True,0.8084683418273926
9,0,True,N/A
4,0,True,N/A
9,1,True,0.7301468849182129
6,0,True,N/A
7,0,True,N/A
8,0,True,N/A
9,0,True,N/A
7,0,True,N/A
9,1,True,0.75687575340271
1,0,True,N/A
8,0,True,N/A
2,0,True,N/A
6,0,True,N/A
2-back task: average react time: 0.8825164768430922, correct react: 150
Total average react time: 0.8825164768430922, correct react: 150
