Task length=150, start!
Task 1-back start!
3,0,True,N/A
7,0,True,N/A
5,0,True,N/A
7,0,True,N/A
4,0,True,N/A
7,0,True,N/A
1,0,True,N/A
5,0,True,N/A
9,0,True,N/A
9,1,True,0.7724225521087646
5,0,True,N/A
9,0,True,N/A
5,0,True,N/A
8,0,True,N/A
6,0,True,N/A
5,0,True,N/A
2,0,True,N/A
0,0,True,N/A
8,0,True,N/A
1,0,True,N/A
5,0,True,N/A
7,0,True,N/A
8,0,True,N/A
7,0,True,N/A
7,1,True,0.9965157508850098
9,0,True,N/A
5,0,True,N/A
6,0,True,N/A
1,0,True,N/A
6,0,True,N/A
4,0,True,N/A
6,0,True,N/A
3,0,True,N/A
3,1,True,0.7267906665802002
0,0,True,N/A
9,0,True,N/A
8,0,True,N/A
2,0,True,N/A
8,0,True,N/A
8,1,True,0.7003247737884521
4,0,True,N/A
5,0,True,N/A
0,0,True,N/A
8,0,True,N/A
5,0,True,N/A
9,0,True,N/A
6,0,True,N/A
6,1,True,0.5763020515441895
1,0,True,N/A
9,0,True,N/A
7,0,True,N/A
3,0,True,N/A
9,0,True,N/A
9,1,True,0.7061994075775146
1,0,True,N/A
6,0,True,N/A
0,0,True,N/A
4,0,True,N/A
0,0,True,N/A
0,1,True,0.678419828414917
7,0,True,N/A
1,0,True,N/A
0,0,True,N/A
2,0,True,N/A
3,0,True,N/A
1,0,True,N/A
1,1,True,0.6305463314056396
5,0,True,N/A
6,0,True,N/A
3,0,True,N/A
5,0,True,N/A
0,0,True,N/A
4,0,True,N/A
3,0,True,N/A
3,1,True,0.7341744899749756
9,0,True,N/A
7,0,True,N/A
7,1,True,0.712548017501831
7,1,True,0.8953256607055664
1,0,True,N/A
4,0,True,N/A
1,0,True,N/A
9,0,True,N/A
1,0,True,N/A
7,0,True,N/A
9,0,True,N/A
7,0,True,N/A
1,0,True,N/A
0,0,True,N/A
2,0,True,N/A
4,0,True,N/A
5,0,True,N/A
5,1,True,0.7640407085418701
6,0,True,N/A
2,0,True,N/A
5,0,True,N/A
2,0,True,N/A
0,0,True,N/A
7,0,True,N/A
6,0,True,N/A
4,0,True,N/A
4,1,True,0.7911810874938965
2,0,True,N/A
7,0,True,N/A
1,0,True,N/A
4,0,True,N/A
4,1,True,0.6076078414916992
0,0,True,N/A
0,1,True,0.5670008659362793
1,0,True,N/A
9,0,True,N/A
9,1,True,0.6971461772918701
1,0,True,N/A
8,0,True,N/A
4,0,True,N/A
5,0,True,N/A
2,0,True,N/A
2,1,True,0.5529863834381104
5,0,True,N/A
4,0,True,N/A
2,0,True,N/A
4,0,True,N/A
9,0,True,N/A
2,0,True,N/A
8,0,True,N/A
1,0,True,N/A
1,1,True,0.6296303272247314
1,1,True,1.2421116828918457
9,0,True,N/A
8,0,True,N/A
8,1,True,0.6386516094207764
7,0,True,N/A
8,0,True,N/A
5,0,True,N/A
3,0,True,N/A
1,0,True,N/A
1,1,True,0.6773450374603271
1,1,True,0.6554956436157227
0,0,True,N/A
8,0,True,N/A
3,0,True,N/A
1,0,True,N/A
6,0,True,N/A
9,0,True,N/A
2,0,True,N/A
8,0,True,N/A
4,0,True,N/A
2,0,True,N/A
4,0,True,N/A
0,0,True,N/A
1-back task: average react time: 0.7251257679679177, correct react: 150
Total average react time: 0.7251257679679177, correct react: 150
