Task length=150, start!
Task 3-back start!
2,0,True,N/A
5,0,True,N/A
1,0,True,N/A
2,1,True,0.6883976459503174
7,0,True,N/A
4,0,True,N/A
0,0,True,N/A
1,0,True,N/A
8,0,True,N/A
0,1,True,0.6603903770446777
6,0,True,N/A
6,0,True,N/A
6,0,True,N/A
7,0,True,N/A
1,0,True,N/A
4,0,True,N/A
7,1,True,0.8112304210662842
5,0,True,N/A
9,0,True,N/A
9,0,True,N/A
3,0,True,N/A
7,0,True,N/A
0,0,True,N/A
8,0,True,N/A
3,0,True,N/A
2,0,True,N/A
5,0,True,N/A
1,0,True,N/A
5,0,True,N/A
0,0,True,N/A
6,0,True,N/A
6,0,True,N/A
3,0,True,N/A
6,1,True,0.6806566715240479
9,0,True,N/A
2,0,True,N/A
9,0,True,N/A
2,0,True,N/A
2,1,True,0.817396879196167
2,0,True,N/A
4,0,True,N/A
1,0,True,N/A
4,0,True,N/A
1,0,True,N/A
1,1,True,0.6917359828948975
4,1,True,1.072744369506836
9,0,True,N/A
0,0,True,N/A
9,0,True,N/A
9,1,True,1.5634255409240723
0,1,True,1.1338930130004883
5,0,True,N/A
3,0,True,N/A
4,0,True,N/A
2,0,True,N/A
3,1,False,1.75
0,0,True,N/A
9,0,True,N/A
7,0,True,N/A
2,0,True,N/A
2,0,True,N/A
0,0,True,N/A
8,0,True,N/A
0,0,True,N/A
9,0,True,N/A
0,0,True,N/A
2,0,True,N/A
4,0,True,N/A
8,0,True,N/A
6,0,True,N/A
0,0,True,N/A
1,0,True,N/A
7,0,True,N/A
5,0,True,N/A
7,0,True,N/A
5,0,True,N/A
2,0,True,N/A
5,0,True,N/A
1,0,True,N/A
2,1,True,0.9334545135498047
5,1,True,1.4579432010650635
5,0,True,N/A
8,0,True,N/A
2,0,True,N/A
5,1,False,1.75
1,0,True,N/A
9,0,True,N/A
1,0,True,N/A
0,0,True,N/A
1,0,True,N/A
6,0,True,N/A
4,0,True,N/A
0,0,True,N/A
4,0,True,N/A
4,1,True,1.2519690990447998
8,0,True,N/A
6,0,True,N/A
4,1,False,1.75
7,0,True,N/A
0,0,True,N/A
2,0,True,N/A
8,0,True,N/A
8,0,True,N/A
6,0,True,N/A
6,0,True,N/A
1,0,True,N/A
8,0,True,N/A
7,0,True,N/A
4,0,True,N/A
0,0,True,N/A
1,0,True,N/A
4,1,True,0.5690708160400391
0,1,True,1.2470688819885254
7,0,True,N/A
8,0,True,N/A
1,0,True,N/A
4,0,True,N/A
9,0,True,N/A
7,0,True,N/A
4,1,True,0.9557409286499023
3,0,True,N/A
5,0,True,N/A
7,0,True,N/A
0,0,True,N/A
5,1,True,0.8613715171813965
5,0,True,N/A
9,0,True,N/A
4,0,True,N/A
1,0,True,N/A
0,0,True,N/A
9,0,True,N/A
1,1,True,0.6404855251312256
7,0,True,N/A
6,0,True,N/A
1,1,False,1.75
2,0,True,N/A
9,0,True,N/A
4,0,True,N/A
7,0,True,N/A
7,0,True,N/A
3,0,True,N/A
6,0,True,N/A
8,0,True,N/A
2,0,True,N/A
4,0,True,N/A
3,0,True,N/A
2,1,True,1.2197673320770264
5,0,True,N/A
8,0,True,N/A
5,0,True,N/A
3-back task: average react time: 1.1025792143561624, correct react: 146
Total average react time: 1.1025792143561624, correct react: 146
