Task length=150, start!
Task 2-back start!
4,0,True,N/A
9,0,True,N/A
5,0,True,N/A
6,0,True,N/A
5,1,True,0.58831787109375
9,0,True,N/A
4,0,True,N/A
4,0,True,N/A
6,0,True,N/A
2,0,True,N/A
5,0,True,N/A
6,0,True,N/A
0,0,True,N/A
9,0,True,N/A
9,0,True,N/A
7,0,True,N/A
4,0,True,N/A
8,0,True,N/A
9,0,True,N/A
0,0,True,N/A
1,0,True,N/A
0,1,True,0.6825802326202393
1,1,True,1.0544376373291016
4,0,True,N/A
3,0,True,N/A
5,0,True,N/A
3,1,True,1.1062557697296143
5,1,True,0.8983807563781738
4,0,True,N/A
6,0,True,N/A
9,0,True,N/A
8,0,True,N/A
3,0,True,N/A
1,0,True,N/A
9,0,True,N/A
3,0,True,N/A
1,0,True,N/A
7,0,True,N/A
0,0,True,N/A
2,0,True,N/A
8,0,True,N/A
7,0,True,N/A
5,0,True,N/A
8,0,True,N/A
6,0,True,N/A
9,0,True,N/A
7,0,True,N/A
0,0,True,N/A
6,0,True,N/A
3,0,True,N/A
4,0,True,N/A
3,1,True,0.7192652225494385
8,0,True,N/A
5,0,True,N/A
8,1,True,0.7692558765411377
8,0,True,N/A
4,0,True,N/A
8,1,True,1.3709232807159424
3,0,True,N/A
4,0,True,N/A
8,0,True,N/A
1,0,True,N/A
4,0,True,N/A
0,0,True,N/A
7,0,True,N/A
3,0,True,N/A
3,0,True,N/A
3,1,True,0.7000963687896729
2,0,True,N/A
6,0,True,N/A
8,0,True,N/A
3,0,True,N/A
8,1,True,0.7816650867462158
6,0,True,N/A
1,0,True,N/A
7,0,True,N/A
2,0,True,N/A
4,0,True,N/A
7,0,True,N/A
1,0,True,N/A
9,0,True,N/A
0,0,True,N/A
3,0,True,N/A
9,0,True,N/A
2,0,True,N/A
6,0,True,N/A
1,0,True,N/A
3,0,True,N/A
1,1,True,0.6483194828033447
7,0,True,N/A
8,0,True,N/A
5,0,True,N/A
7,0,True,N/A
2,0,True,N/A
7,1,True,0.6964261531829834
7,0,True,N/A
5,0,True,N/A
2,0,True,N/A
0,0,True,N/A
3,0,True,N/A
1,0,True,N/A
8,0,True,N/A
1,1,True,0.7101984024047852
6,0,True,N/A
8,0,True,N/A
4,0,True,N/A
6,0,True,N/A
0,0,True,N/A
2,0,True,N/A
4,0,True,N/A
8,0,True,N/A
0,0,True,N/A
4,0,True,N/A
2,0,True,N/A
9,0,True,N/A
9,0,True,N/A
6,0,True,N/A
8,0,True,N/A
1,0,True,N/A
5,0,True,N/A
9,0,True,N/A
8,0,True,N/A
4,0,True,N/A
5,0,True,N/A
1,0,True,N/A
8,0,True,N/A
6,0,True,N/A
4,0,True,N/A
7,0,True,N/A
8,0,True,N/A
7,1,True,0.5261240005493164
5,0,True,N/A
2,0,True,N/A
3,0,True,N/A
4,0,True,N/A
3,1,True,0.6758184432983398
6,0,True,N/A
4,0,True,N/A
2,0,True,N/A
4,1,True,0.6631360054016113
6,0,True,N/A
8,0,True,N/A
4,0,True,N/A
8,1,True,0.8679778575897217
3,0,True,N/A
4,0,True,N/A
3,1,True,0.992081880569458
8,0,True,N/A
7,0,True,N/A
9,0,True,N/A
2-back task: average react time: 0.8028477960162692, correct react: 150
Total average react time: 0.8028477960162692, correct react: 150
