INFO:root:Task Random, length=60, start!
INFO:root:Task 1-back start!
INFO:root:J,0,True,N/A
INFO:root:X,0,True,N/A
INFO:root:X,1,True,1.1726367473602295
INFO:root:L,0,True,N/A
INFO:root:Q,0,True,N/A
INFO:root:X,0,True,N/A
INFO:root:H,0,True,N/A
INFO:root:R,0,True,N/A
INFO:root:B,0,True,N/A
INFO:root:Q,0,True,N/A
INFO:root:Q,1,True,1.0157968997955322
INFO:root:R,0,True,N/A
INFO:root:J,0,True,N/A
INFO:root:J,1,True,0.6245055198669434
INFO:root:R,0,True,N/A
INFO:root:R,1,True,0.5560681819915771
INFO:root:H,0,True,N/A
INFO:root:X,0,True,N/A
INFO:root:L,0,True,N/A
INFO:root:F,0,True,N/A
INFO:root:L,0,True,N/A
INFO:root:H,0,True,N/A
INFO:root:H,1,True,0.6407616138458252
INFO:root:F,0,True,N/A
INFO:root:F,1,True,0.49868059158325195
INFO:root:F,1,True,0.7955594062805176
INFO:root:M,0,True,N/A
INFO:root:J,0,True,N/A
INFO:root:J,1,True,0.977895975112915
INFO:root:L,0,True,N/A
INFO:root:L,1,True,0.5121059417724609
INFO:root:M,0,True,N/A
INFO:root:M,1,True,0.6447694301605225
INFO:root:Q,0,True,N/A
INFO:root:L,0,True,N/A
INFO:root:L,1,True,0.7450859546661377
INFO:root:X,0,True,N/A
INFO:root:R,0,True,N/A
INFO:root:R,1,True,0.761955738067627
INFO:root:B,0,True,N/A
INFO:root:B,1,True,0.551999568939209
INFO:root:J,0,True,N/A
INFO:root:Q,0,True,N/A
INFO:root:F,0,True,N/A
INFO:root:Q,0,True,N/A
INFO:root:R,0,True,N/A
INFO:root:B,0,True,N/A
INFO:root:M,0,True,N/A
INFO:root:Q,0,True,N/A
INFO:root:F,0,True,N/A
INFO:root:J,0,True,N/A
INFO:root:Q,0,True,N/A
INFO:root:B,0,True,N/A
INFO:root:B,1,True,0.6022498607635498
INFO:root:Q,0,True,N/A
INFO:root:Q,1,True,0.7406957149505615
INFO:root:Q,1,True,0.5774450302124023
INFO:root:F,0,True,N/A
INFO:root:M,0,True,N/A
INFO:root:M,1,True,1.2167444229125977
INFO:root:Task 3-back start!
INFO:root:X,0,True,N/A
INFO:root:F,0,True,N/A
INFO:root:L,0,True,N/A
INFO:root:X,1,True,0.5703408718109131
INFO:root:M,0,True,N/A
INFO:root:L,1,True,0.74849534034729
INFO:root:L,0,True,N/A
INFO:root:J,0,True,N/A
INFO:root:L,1,True,0.5565056800842285
INFO:root:H,0,True,N/A
INFO:root:J,1,True,0.6288881301879883
INFO:root:Q,0,True,N/A
INFO:root:R,0,True,N/A
INFO:root:R,0,True,N/A
INFO:root:J,0,True,N/A
INFO:root:H,0,True,N/A
INFO:root:H,0,True,N/A
INFO:root:Q,0,True,N/A
INFO:root:M,0,True,N/A
INFO:root:L,0,True,N/A
INFO:root:R,0,True,N/A
INFO:root:M,1,True,0.7625472545623779
INFO:root:M,0,True,N/A
INFO:root:H,0,True,N/A
INFO:root:X,0,True,N/A
INFO:root:M,1,True,0.7646310329437256
INFO:root:M,0,True,N/A
INFO:root:J,0,True,N/A
INFO:root:B,0,True,N/A
INFO:root:L,0,True,N/A
INFO:root:H,0,True,N/A
INFO:root:Q,0,True,N/A
INFO:root:J,0,True,N/A
INFO:root:H,1,True,0.7320442199707031
INFO:root:J,0,True,N/A
INFO:root:F,0,True,N/A
INFO:root:J,0,True,N/A
INFO:root:J,1,True,0.8158900737762451
INFO:root:M,0,True,N/A
INFO:root:Q,0,True,N/A
INFO:root:J,1,True,0.6767570972442627
INFO:root:M,1,True,0.5799260139465332
INFO:root:F,0,True,N/A
INFO:root:H,0,True,N/A
INFO:root:M,1,True,1.0098206996917725
INFO:root:F,1,True,0.48078083992004395
INFO:root:H,1,True,0.621319055557251
INFO:root:X,0,True,N/A
INFO:root:L,0,True,N/A
INFO:root:B,0,True,N/A
INFO:root:X,1,True,0.6048643589019775
INFO:root:L,1,True,0.8249108791351318
INFO:root:L,0,True,N/A
INFO:root:M,0,True,N/A
INFO:root:R,0,True,N/A
INFO:root:L,1,True,0.7125673294067383
INFO:root:J,0,True,N/A
INFO:root:J,0,True,N/A
INFO:root:F,0,True,N/A
INFO:root:Q,0,True,N/A
INFO:root:Task 1-back start!
INFO:root:Q,0,True,N/A
INFO:root:Q,1,False,1.75
INFO:root:B,0,False,N/A
INFO:root:B,1,True,0.675532341003418
INFO:root:X,0,True,N/A
INFO:root:Q,0,True,N/A
INFO:root:M,0,True,N/A
INFO:root:L,0,True,N/A
INFO:root:L,1,True,0.49724507331848145
INFO:root:Q,0,True,N/A
INFO:root:B,0,True,N/A
INFO:root:B,1,True,0.5176007747650146
INFO:root:L,0,True,N/A
INFO:root:M,0,True,N/A
INFO:root:X,0,True,N/A
INFO:root:B,0,True,N/A
INFO:root:B,1,True,0.5131661891937256
INFO:root:B,1,True,1.0038697719573975
INFO:root:R,0,True,N/A
INFO:root:X,0,True,N/A
INFO:root:J,0,True,N/A
INFO:root:Q,0,True,N/A
INFO:root:Q,1,True,0.8133580684661865
INFO:root:Q,1,True,0.7048091888427734
INFO:root:B,0,True,N/A
INFO:root:L,0,True,N/A
INFO:root:F,0,True,N/A
INFO:root:X,0,True,N/A
INFO:root:J,0,True,N/A
INFO:root:H,0,True,N/A
INFO:root:J,0,True,N/A
INFO:root:F,0,True,N/A
INFO:root:F,1,True,0.6736836433410645
INFO:root:Q,0,True,N/A
INFO:root:Q,1,True,0.6004104614257812
INFO:root:Q,1,True,0.5565576553344727
INFO:root:R,0,True,N/A
INFO:root:R,1,True,0.6470379829406738
INFO:root:R,1,True,0.6661837100982666
INFO:root:L,0,True,N/A
INFO:root:L,1,True,0.49517107009887695
INFO:root:M,0,True,N/A
INFO:root:Q,0,True,N/A
INFO:root:Q,1,True,0.7200744152069092
INFO:root:J,0,True,N/A
INFO:root:M,0,True,N/A
INFO:root:H,0,True,N/A
INFO:root:M,0,False,N/A
INFO:root:J,0,True,N/A
INFO:root:L,0,True,N/A
INFO:root:J,0,True,N/A
INFO:root:B,0,True,N/A
INFO:root:L,0,True,N/A
INFO:root:X,0,True,N/A
INFO:root:L,0,True,N/A
INFO:root:R,0,True,N/A
INFO:root:H,0,True,N/A
INFO:root:H,1,True,1.3391358852386475
INFO:root:M,0,True,N/A
INFO:root:X,0,True,N/A
INFO:root:Task 1-back start!
INFO:root:H,0,True,N/A
INFO:root:H,1,True,0.6861624717712402
INFO:root:X,0,True,N/A
INFO:root:B,0,True,N/A
INFO:root:B,1,True,0.6154775619506836
INFO:root:M,0,True,N/A
INFO:root:H,0,True,N/A
INFO:root:Q,0,True,N/A
INFO:root:L,0,True,N/A
INFO:root:X,0,True,N/A
INFO:root:R,0,True,N/A
INFO:root:F,0,True,N/A
INFO:root:X,0,True,N/A
INFO:root:J,0,True,N/A
INFO:root:Q,0,True,N/A
INFO:root:M,0,True,N/A
INFO:root:X,0,True,N/A
INFO:root:R,0,True,N/A
INFO:root:R,1,True,0.6556346416473389
INFO:root:R,1,False,1.75
INFO:root:F,0,True,N/A
INFO:root:F,1,True,0.6560320854187012
INFO:root:M,0,True,N/A
INFO:root:M,1,True,0.5569362640380859
INFO:root:H,0,True,N/A
INFO:root:R,0,True,N/A
INFO:root:L,0,True,N/A
INFO:root:H,0,True,N/A
INFO:root:M,0,True,N/A
INFO:root:M,1,True,0.8135964870452881
INFO:root:Q,0,True,N/A
INFO:root:L,0,True,N/A
INFO:root:M,0,True,N/A
INFO:root:H,0,True,N/A
INFO:root:H,1,True,0.8801195621490479
INFO:root:X,0,True,N/A
INFO:root:J,0,True,N/A
INFO:root:L,0,True,N/A
INFO:root:Q,0,True,N/A
INFO:root:H,0,True,N/A
INFO:root:H,1,True,0.7978661060333252
INFO:root:H,1,True,0.6945979595184326
INFO:root:F,0,True,N/A
INFO:root:R,0,True,N/A
INFO:root:R,1,True,0.7604362964630127
INFO:root:R,1,True,0.5612976551055908
INFO:root:M,0,True,N/A
INFO:root:L,0,True,N/A
INFO:root:Q,0,True,N/A
INFO:root:L,0,True,N/A
INFO:root:F,0,True,N/A
INFO:root:F,1,True,0.6802225112915039
INFO:root:R,0,True,N/A
INFO:root:R,1,False,1.75
INFO:root:X,0,True,N/A
INFO:root:X,1,True,0.6318860054016113
INFO:root:X,1,True,0.8433067798614502
INFO:root:F,0,True,N/A
INFO:root:Q,0,True,N/A
INFO:root:M,0,True,N/A
INFO:root:Task 3-back start!
INFO:root:J,0,True,N/A
INFO:root:B,0,True,N/A
INFO:root:Q,0,True,N/A
INFO:root:F,0,True,N/A
INFO:root:B,1,True,0.5335626602172852
INFO:root:R,0,True,N/A
INFO:root:F,1,True,1.5413837432861328
INFO:root:R,0,True,N/A
INFO:root:L,0,True,N/A
INFO:root:R,0,True,N/A
INFO:root:J,0,True,N/A
INFO:root:H,0,True,N/A
INFO:root:L,0,True,N/A
INFO:root:J,1,True,0.6766746044158936
INFO:root:H,1,True,0.6851587295532227
INFO:root:X,0,True,N/A
INFO:root:X,0,True,N/A
INFO:root:R,0,True,N/A
INFO:root:J,0,True,N/A
INFO:root:Q,0,True,N/A
INFO:root:R,1,True,0.5061354637145996
INFO:root:M,0,True,N/A
INFO:root:J,0,True,N/A
INFO:root:R,1,True,0.619333028793335
INFO:root:B,0,True,N/A
INFO:root:L,0,True,N/A
INFO:root:B,0,True,N/A
INFO:root:J,0,True,N/A
INFO:root:L,1,True,1.0775091648101807
INFO:root:H,0,True,N/A
INFO:root:F,0,True,N/A
INFO:root:H,0,True,N/A
INFO:root:H,1,True,1.089085578918457
INFO:root:R,0,True,N/A
INFO:root:F,0,True,N/A
INFO:root:J,0,True,N/A
INFO:root:L,0,True,N/A
INFO:root:F,1,False,1.75
INFO:root:B,0,True,N/A
INFO:root:R,0,False,N/A
INFO:root:H,0,True,N/A
INFO:root:L,0,True,N/A
INFO:root:J,0,True,N/A
INFO:root:B,0,True,N/A
INFO:root:B,0,True,N/A
INFO:root:R,0,True,N/A
INFO:root:B,1,True,0.5102717876434326
INFO:root:J,0,True,N/A
INFO:root:L,0,True,N/A
INFO:root:X,0,True,N/A
INFO:root:M,0,True,N/A
INFO:root:M,0,True,N/A
INFO:root:H,0,True,N/A
INFO:root:X,0,True,N/A
INFO:root:M,1,True,0.6592369079589844
INFO:root:J,0,True,N/A
INFO:root:H,0,True,N/A
INFO:root:L,0,True,N/A
INFO:root:L,0,True,N/A
INFO:root:H,1,True,0.8049299716949463
INFO:root:Task 3-back start!
INFO:root:J,0,True,N/A
INFO:root:F,0,True,N/A
INFO:root:M,0,True,N/A
INFO:root:H,0,True,N/A
INFO:root:H,0,True,N/A
INFO:root:F,0,True,N/A
INFO:root:M,0,True,N/A
INFO:root:L,0,True,N/A
INFO:root:Q,0,True,N/A
INFO:root:J,0,True,N/A
INFO:root:L,1,True,1.2107586860656738
INFO:root:R,0,True,N/A
INFO:root:J,1,True,0.5878832340240479
INFO:root:B,0,True,N/A
INFO:root:R,1,True,1.2009999752044678
INFO:root:L,0,True,N/A
INFO:root:Q,0,True,N/A
INFO:root:B,0,True,N/A
INFO:root:L,1,True,0.7044088840484619
INFO:root:H,0,True,N/A
INFO:root:J,0,True,N/A
INFO:root:M,0,True,N/A
INFO:root:M,0,True,N/A
INFO:root:F,0,True,N/A
INFO:root:J,0,True,N/A
INFO:root:M,1,True,0.5834033489227295
INFO:root:F,1,True,0.5041227340698242
INFO:root:J,1,True,0.7241592407226562
INFO:root:H,0,True,N/A
INFO:root:H,0,True,N/A
INFO:root:M,0,True,N/A
INFO:root:H,1,True,0.5710339546203613
INFO:root:H,1,True,1.0083272457122803
INFO:root:R,0,True,N/A
INFO:root:L,0,True,N/A
INFO:root:J,0,True,N/A
INFO:root:R,1,True,0.7938792705535889
INFO:root:R,0,True,N/A
INFO:root:L,0,True,N/A
INFO:root:B,0,True,N/A
INFO:root:B,0,True,N/A
INFO:root:Q,0,True,N/A
INFO:root:H,0,True,N/A
INFO:root:B,1,True,0.8128290176391602
INFO:root:R,0,True,N/A
INFO:root:L,0,True,N/A
INFO:root:J,0,True,N/A
INFO:root:B,0,True,N/A
INFO:root:B,0,True,N/A
INFO:root:J,1,True,0.6079118251800537
INFO:root:B,1,True,0.6888487339019775
INFO:root:Q,0,True,N/A
INFO:root:J,1,False,1.75
INFO:root:H,0,True,N/A
INFO:root:X,0,True,N/A
INFO:root:L,0,True,N/A
INFO:root:H,1,True,1.095524787902832
INFO:root:X,1,True,0.6687567234039307
INFO:root:B,0,True,N/A
INFO:root:F,0,True,N/A
INFO:root:1-back task: average react time: 0.7784156166777318, correct react: 175
INFO:root:3-back task: average react time: 0.7967367768287659, correct react: 177
INFO:root:Total average react time: 0.7870836924481136, correct react: 352
