INFO:root:Task Adaptive, length=60, start!
INFO:root:Task 1-back start!
INFO:root:J,0,True,N/A
INFO:root:B,0,True,N/A
INFO:root:B,1,True,0.8387558460235596
INFO:root:X,0,True,N/A
INFO:root:R,0,True,N/A
INFO:root:B,0,True,N/A
INFO:root:F,0,True,N/A
INFO:root:F,1,True,0.5370540618896484
INFO:root:X,0,True,N/A
INFO:root:X,1,True,0.4258580207824707
INFO:root:R,0,True,N/A
INFO:root:Q,0,True,N/A
INFO:root:Q,1,True,0.5223863124847412
INFO:root:B,0,True,N/A
INFO:root:B,1,True,0.4572770595550537
INFO:root:M,0,True,N/A
INFO:root:B,0,True,N/A
INFO:root:J,0,True,N/A
INFO:root:X,0,True,N/A
INFO:root:L,0,True,N/A
INFO:root:Q,0,True,N/A
INFO:root:Q,1,True,0.5703182220458984
INFO:root:Q,1,True,0.523909330368042
INFO:root:B,0,True,N/A
INFO:root:B,1,True,0.4901621341705322
INFO:root:J,0,True,N/A
INFO:root:L,0,True,N/A
INFO:root:M,0,True,N/A
INFO:root:F,0,True,N/A
INFO:root:J,0,True,N/A
INFO:root:L,0,True,N/A
INFO:root:L,1,True,0.5649814605712891
INFO:root:L,1,True,0.5889482498168945
INFO:root:J,0,True,N/A
INFO:root:H,0,True,N/A
INFO:root:H,1,True,0.5960357189178467
INFO:root:Q,0,True,N/A
INFO:root:J,0,True,N/A
INFO:root:J,1,True,0.5094983577728271
INFO:root:R,0,True,N/A
INFO:root:H,0,True,N/A
INFO:root:R,0,True,N/A
INFO:root:R,1,True,0.6158952713012695
INFO:root:J,0,True,N/A
INFO:root:R,0,True,N/A
INFO:root:L,0,True,N/A
INFO:root:L,1,True,0.6360683441162109
INFO:root:M,0,True,N/A
INFO:root:X,0,True,N/A
INFO:root:B,0,True,N/A
INFO:root:R,0,True,N/A
INFO:root:X,0,True,N/A
INFO:root:Q,0,True,N/A
INFO:root:H,0,True,N/A
INFO:root:Q,0,True,N/A
INFO:root:Q,1,True,0.6079041957855225
INFO:root:X,0,True,N/A
INFO:root:Q,0,True,N/A
INFO:root:X,0,True,N/A
INFO:root:X,1,True,0.5969197750091553
INFO:root:Task 3-back start!
INFO:root:J,0,True,N/A
INFO:root:Q,0,True,N/A
INFO:root:H,0,True,N/A
INFO:root:H,0,True,N/A
INFO:root:H,0,True,N/A
INFO:root:H,1,True,0.508636474609375
INFO:root:R,0,True,N/A
INFO:root:X,0,True,N/A
INFO:root:X,0,True,N/A
INFO:root:H,0,True,N/A
INFO:root:Q,0,True,N/A
INFO:root:F,0,True,N/A
INFO:root:F,0,True,N/A
INFO:root:L,0,True,N/A
INFO:root:X,0,True,N/A
INFO:root:F,1,True,1.393747329711914
INFO:root:L,1,True,0.5807640552520752
INFO:root:H,0,True,N/A
INFO:root:J,0,True,N/A
INFO:root:X,0,True,N/A
INFO:root:R,0,True,N/A
INFO:root:J,1,True,0.6253268718719482
INFO:root:L,0,True,N/A
INFO:root:M,0,True,N/A
INFO:root:Q,0,True,N/A
INFO:root:L,1,True,0.5121250152587891
INFO:root:M,1,True,0.4198789596557617
INFO:root:H,0,True,N/A
INFO:root:R,0,True,N/A
INFO:root:F,0,True,N/A
INFO:root:M,0,True,N/A
INFO:root:Q,0,True,N/A
INFO:root:X,0,True,N/A
INFO:root:F,0,True,N/A
INFO:root:H,0,True,N/A
INFO:root:Q,0,True,N/A
INFO:root:R,0,True,N/A
INFO:root:X,0,True,N/A
INFO:root:Q,1,True,0.5967955589294434
INFO:root:F,0,True,N/A
INFO:root:Q,0,True,N/A
INFO:root:Q,1,True,0.5657532215118408
INFO:root:F,1,True,0.5418746471405029
INFO:root:H,0,True,N/A
INFO:root:Q,1,True,0.5495314598083496
INFO:root:F,1,True,0.5665032863616943
INFO:root:H,1,True,0.7085893154144287
INFO:root:B,0,True,N/A
INFO:root:L,0,True,N/A
INFO:root:X,0,True,N/A
INFO:root:B,1,True,1.002882957458496
INFO:root:L,1,True,0.37586450576782227
INFO:root:J,0,True,N/A
INFO:root:Q,0,True,N/A
INFO:root:M,0,True,N/A
INFO:root:L,0,True,N/A
INFO:root:H,0,True,N/A
INFO:root:M,1,True,0.5261781215667725
INFO:root:L,1,True,0.6877233982086182
INFO:root:X,0,True,N/A
INFO:root:Task 1-back start!
INFO:root:M,0,True,N/A
INFO:root:R,0,True,N/A
INFO:root:R,1,True,0.7849185466766357
INFO:root:J,0,True,N/A
INFO:root:F,0,True,N/A
INFO:root:B,0,True,N/A
INFO:root:L,0,True,N/A
INFO:root:X,0,True,N/A
INFO:root:F,0,True,N/A
INFO:root:B,0,True,N/A
INFO:root:L,0,True,N/A
INFO:root:H,0,True,N/A
INFO:root:B,0,True,N/A
INFO:root:H,0,True,N/A
INFO:root:J,0,True,N/A
INFO:root:L,0,True,N/A
INFO:root:F,0,True,N/A
INFO:root:R,0,True,N/A
INFO:root:R,1,True,0.5944719314575195
INFO:root:R,1,True,0.8671669960021973
INFO:root:R,1,True,0.9792745113372803
INFO:root:M,0,True,N/A
INFO:root:X,0,True,N/A
INFO:root:R,0,True,N/A
INFO:root:X,0,True,N/A
INFO:root:B,0,True,N/A
INFO:root:F,0,True,N/A
INFO:root:M,0,True,N/A
INFO:root:B,0,True,N/A
INFO:root:F,0,True,N/A
INFO:root:F,1,True,0.6273126602172852
INFO:root:J,0,True,N/A
INFO:root:F,0,True,N/A
INFO:root:F,1,True,0.5730316638946533
INFO:root:F,1,True,0.9134228229522705
INFO:root:B,0,True,N/A
INFO:root:X,0,True,N/A
INFO:root:Q,0,True,N/A
INFO:root:H,0,True,N/A
INFO:root:J,0,True,N/A
INFO:root:J,1,True,0.6143441200256348
INFO:root:H,0,True,N/A
INFO:root:J,0,True,N/A
INFO:root:J,1,True,0.46277832984924316
INFO:root:H,0,True,N/A
INFO:root:F,0,True,N/A
INFO:root:H,0,True,N/A
INFO:root:M,0,True,N/A
INFO:root:M,1,True,0.6173806190490723
INFO:root:X,0,True,N/A
INFO:root:X,1,True,1.480058193206787
INFO:root:R,0,True,N/A
INFO:root:F,0,True,N/A
INFO:root:F,1,True,0.49701833724975586
INFO:root:F,1,True,0.6238827705383301
INFO:root:F,1,True,0.6774942874908447
INFO:root:M,0,True,N/A
INFO:root:H,0,True,N/A
INFO:root:H,1,True,0.5874271392822266
INFO:root:X,0,True,N/A
INFO:root:Task 3-back start!
INFO:root:Q,0,True,N/A
INFO:root:F,0,True,N/A
INFO:root:L,0,True,N/A
INFO:root:F,0,True,N/A
INFO:root:Q,0,True,N/A
INFO:root:X,0,True,N/A
INFO:root:L,0,True,N/A
INFO:root:R,0,True,N/A
INFO:root:X,1,True,0.3914811611175537
INFO:root:L,1,True,0.5969703197479248
INFO:root:B,0,True,N/A
INFO:root:H,0,True,N/A
INFO:root:L,1,True,1.1335029602050781
INFO:root:F,0,True,N/A
INFO:root:H,1,True,0.7180662155151367
INFO:root:R,0,True,N/A
INFO:root:B,0,True,N/A
INFO:root:L,0,True,N/A
INFO:root:R,1,True,0.5101616382598877
INFO:root:M,0,True,N/A
INFO:root:B,0,True,N/A
INFO:root:B,0,True,N/A
INFO:root:M,1,True,0.6772067546844482
INFO:root:B,1,True,0.41538071632385254
INFO:root:L,0,True,N/A
INFO:root:F,0,True,N/A
INFO:root:Q,0,True,N/A
INFO:root:J,0,True,N/A
INFO:root:J,0,True,N/A
INFO:root:Q,1,True,0.4946866035461426
INFO:root:B,0,True,N/A
INFO:root:L,0,True,N/A
INFO:root:L,0,True,N/A
INFO:root:L,0,True,N/A
INFO:root:M,0,True,N/A
INFO:root:R,0,True,N/A
INFO:root:B,0,True,N/A
INFO:root:J,0,True,N/A
INFO:root:H,0,True,N/A
INFO:root:L,0,True,N/A
INFO:root:J,1,True,0.9191596508026123
INFO:root:F,0,True,N/A
INFO:root:L,1,True,0.7495148181915283
INFO:root:J,1,True,0.4656102657318115
INFO:root:M,0,True,N/A
INFO:root:X,0,True,N/A
INFO:root:B,0,True,N/A
INFO:root:L,0,True,N/A
INFO:root:J,0,True,N/A
INFO:root:B,1,True,0.6542689800262451
INFO:root:M,0,True,N/A
INFO:root:R,0,True,N/A
INFO:root:R,0,True,N/A
INFO:root:L,0,True,N/A
INFO:root:R,1,True,0.730156660079956
INFO:root:Q,0,True,N/A
INFO:root:L,1,True,0.7660412788391113
INFO:root:L,0,True,N/A
INFO:root:Q,1,True,0.653339147567749
INFO:root:B,0,True,N/A
INFO:root:Task 1-back start!
INFO:root:X,0,True,N/A
INFO:root:L,0,True,N/A
INFO:root:X,0,False,N/A
INFO:root:R,0,True,N/A
INFO:root:R,1,True,0.493513822555542
INFO:root:L,0,True,N/A
INFO:root:X,0,True,N/A
INFO:root:B,0,True,N/A
INFO:root:B,1,True,0.627709150314331
INFO:root:J,0,True,N/A
INFO:root:X,0,True,N/A
INFO:root:R,0,True,N/A
INFO:root:X,0,True,N/A
INFO:root:Q,0,True,N/A
INFO:root:J,0,True,N/A
INFO:root:J,1,True,0.5991742610931396
INFO:root:B,0,True,N/A
INFO:root:B,1,True,0.7203857898712158
INFO:root:F,0,True,N/A
INFO:root:X,0,False,N/A
