INFO:root:Task Adaptive, length=60, start!
INFO:root:Task 1-back start!
INFO:root:L,0,True,N/A
INFO:root:J,0,True,N/A
INFO:root:L,0,True,N/A
INFO:root:X,0,True,N/A
INFO:root:M,0,True,N/A
INFO:root:Q,0,True,N/A
INFO:root:H,0,True,N/A
INFO:root:B,0,True,N/A
INFO:root:B,1,True,0.6352944374084473
INFO:root:B,1,True,0.7079067230224609
INFO:root:R,0,True,N/A
INFO:root:F,0,True,N/A
INFO:root:M,0,True,N/A
INFO:root:Q,0,True,N/A
INFO:root:H,0,True,N/A
INFO:root:R,0,True,N/A
INFO:root:R,1,True,0.7385222911834717
INFO:root:B,0,True,N/A
INFO:root:B,1,True,0.547076940536499
INFO:root:H,0,True,N/A
INFO:root:J,0,True,N/A
INFO:root:J,1,False,1.75
INFO:root:L,0,True,N/A
INFO:root:J,0,True,N/A
INFO:root:J,1,True,0.6367933750152588
INFO:root:J,1,True,0.6223351955413818
INFO:root:X,0,True,N/A
INFO:root:B,0,True,N/A
INFO:root:B,1,True,0.6956512928009033
INFO:root:Q,0,True,N/A
INFO:root:H,0,True,N/A
INFO:root:X,0,True,N/A
INFO:root:Q,0,True,N/A
INFO:root:Q,1,True,0.5116317272186279
INFO:root:Q,1,True,0.5839910507202148
INFO:root:X,0,True,N/A
INFO:root:B,0,True,N/A
INFO:root:J,0,True,N/A
INFO:root:J,1,True,0.5265946388244629
INFO:root:M,0,True,N/A
INFO:root:M,1,True,0.7180836200714111
INFO:root:R,0,True,N/A
INFO:root:Q,0,True,N/A
INFO:root:Q,1,True,0.5804505348205566
INFO:root:M,0,True,N/A
INFO:root:F,0,True,N/A
INFO:root:J,0,True,N/A
INFO:root:M,0,True,N/A
INFO:root:M,1,True,0.5475306510925293
INFO:root:R,0,True,N/A
INFO:root:L,0,True,N/A
INFO:root:L,1,True,1.1384670734405518
INFO:root:B,0,True,N/A
INFO:root:H,0,True,N/A
INFO:root:R,0,True,N/A
INFO:root:L,0,True,N/A
INFO:root:M,0,True,N/A
INFO:root:J,0,True,N/A
INFO:root:J,1,True,0.8003325462341309
INFO:root:F,0,True,N/A
INFO:root:Task 1-back start!
INFO:root:X,0,True,N/A
INFO:root:F,0,True,N/A
INFO:root:B,0,True,N/A
INFO:root:F,0,True,N/A
INFO:root:F,1,True,0.6512582302093506
INFO:root:F,1,True,0.7078428268432617
INFO:root:B,0,True,N/A
INFO:root:B,1,True,0.5271000862121582
INFO:root:R,0,True,N/A
INFO:root:H,0,True,N/A
INFO:root:H,1,True,0.5788869857788086
INFO:root:F,0,True,N/A
INFO:root:F,1,True,0.5362410545349121
INFO:root:H,0,True,N/A
INFO:root:R,0,True,N/A
INFO:root:J,0,True,N/A
INFO:root:L,0,True,N/A
INFO:root:F,0,True,N/A
INFO:root:F,1,True,0.6078448295593262
INFO:root:M,0,True,N/A
INFO:root:X,0,True,N/A
INFO:root:M,0,True,N/A
INFO:root:R,0,True,N/A
INFO:root:Q,0,True,N/A
INFO:root:R,0,True,N/A
INFO:root:R,1,True,0.43332934379577637
INFO:root:H,0,True,N/A
INFO:root:H,1,True,0.7457740306854248
INFO:root:Q,0,True,N/A
INFO:root:B,0,True,N/A
INFO:root:J,0,True,N/A
INFO:root:B,0,True,N/A
INFO:root:R,0,True,N/A
INFO:root:M,0,True,N/A
INFO:root:L,0,True,N/A
INFO:root:L,1,True,0.9110496044158936
INFO:root:X,0,True,N/A
INFO:root:L,0,True,N/A
INFO:root:M,0,True,N/A
INFO:root:M,1,True,0.6956307888031006
INFO:root:X,0,True,N/A
INFO:root:X,1,True,0.6309576034545898
INFO:root:Q,0,True,N/A
INFO:root:H,0,True,N/A
INFO:root:H,1,True,0.5495319366455078
INFO:root:M,0,True,N/A
INFO:root:L,0,True,N/A
INFO:root:X,0,True,N/A
INFO:root:M,0,True,N/A
INFO:root:M,1,True,0.534121036529541
INFO:root:L,0,True,N/A
INFO:root:M,0,True,N/A
INFO:root:B,0,True,N/A
INFO:root:F,0,True,N/A
INFO:root:J,0,True,N/A
INFO:root:J,1,True,0.5490319728851318
INFO:root:B,0,True,N/A
INFO:root:X,0,True,N/A
INFO:root:M,0,True,N/A
INFO:root:X,0,True,N/A
INFO:root:Task 3-back start!
INFO:root:Q,0,True,N/A
INFO:root:X,0,True,N/A
INFO:root:X,0,True,N/A
INFO:root:Q,1,True,0.704110860824585
INFO:root:R,0,True,N/A
INFO:root:X,1,True,0.8032605648040771
INFO:root:B,0,True,N/A
INFO:root:X,0,True,N/A
INFO:root:Q,0,True,N/A
INFO:root:B,1,True,0.7005939483642578
INFO:root:M,0,True,N/A
INFO:root:L,0,True,N/A
INFO:root:L,0,True,N/A
INFO:root:B,0,True,N/A
INFO:root:Q,0,True,N/A
INFO:root:R,0,True,N/A
INFO:root:B,1,True,0.5604970455169678
INFO:root:X,0,True,N/A
INFO:root:J,0,True,N/A
INFO:root:R,0,True,N/A
INFO:root:L,0,True,N/A
INFO:root:J,1,True,0.5530400276184082
INFO:root:R,1,True,0.5141124725341797
INFO:root:F,0,True,N/A
INFO:root:F,0,True,N/A
INFO:root:J,0,True,N/A
INFO:root:B,0,True,N/A
INFO:root:F,1,True,0.6323010921478271
INFO:root:J,1,True,0.5452415943145752
INFO:root:L,0,True,N/A
INFO:root:R,0,True,N/A
INFO:root:X,0,True,N/A
INFO:root:Q,0,True,N/A
INFO:root:B,0,True,N/A
INFO:root:Q,0,True,N/A
INFO:root:H,0,True,N/A
INFO:root:X,0,True,N/A
INFO:root:J,0,True,N/A
INFO:root:M,0,True,N/A
INFO:root:X,1,True,0.7460017204284668
INFO:root:H,0,True,N/A
INFO:root:Q,0,True,N/A
INFO:root:R,0,True,N/A
INFO:root:F,0,True,N/A
INFO:root:F,0,True,N/A
INFO:root:R,1,True,0.5605006217956543
INFO:root:F,1,True,0.42137837409973145
INFO:root:J,0,True,N/A
INFO:root:M,0,True,N/A
INFO:root:H,0,True,N/A
INFO:root:J,1,True,0.9310057163238525
INFO:root:M,1,True,0.3804795742034912
INFO:root:B,0,True,N/A
INFO:root:X,0,True,N/A
INFO:root:H,0,True,N/A
INFO:root:F,0,True,N/A
INFO:root:L,0,True,N/A
INFO:root:X,0,True,N/A
INFO:root:J,0,True,N/A
INFO:root:X,0,True,N/A
INFO:root:Task 3-back start!
INFO:root:F,0,True,N/A
INFO:root:F,0,True,N/A
INFO:root:M,0,True,N/A
INFO:root:F,1,True,1.2112338542938232
INFO:root:B,0,True,N/A
INFO:root:J,0,True,N/A
INFO:root:X,0,True,N/A
INFO:root:B,1,True,0.7215886116027832
INFO:root:L,0,True,N/A
INFO:root:H,0,True,N/A
INFO:root:B,1,True,0.5321943759918213
INFO:root:X,0,True,N/A
INFO:root:L,0,True,N/A
INFO:root:B,1,True,0.4906909465789795
INFO:root:Q,0,True,N/A
INFO:root:L,1,True,0.5435061454772949
INFO:root:L,0,True,N/A
INFO:root:Q,1,True,0.4454936981201172
INFO:root:X,0,True,N/A
INFO:root:B,0,False,N/A
INFO:root:F,0,True,N/A
INFO:root:J,0,True,N/A
INFO:root:R,0,True,N/A
INFO:root:L,0,True,N/A
INFO:root:Q,0,True,N/A
INFO:root:X,0,True,N/A
INFO:root:L,1,True,0.9584662914276123
INFO:root:Q,1,True,0.7255821228027344
INFO:root:B,0,True,N/A
INFO:root:M,0,True,N/A
INFO:root:Q,1,True,0.5380744934082031
INFO:root:L,0,True,N/A
INFO:root:L,0,True,N/A
INFO:root:Q,1,False,1.75
INFO:root:J,0,True,N/A
INFO:root:F,0,True,N/A
INFO:root:F,0,True,N/A
INFO:root:M,0,True,N/A
INFO:root:H,0,True,N/A
INFO:root:F,1,True,0.7048304080963135
INFO:root:J,0,True,N/A
INFO:root:J,0,True,N/A
INFO:root:R,0,True,N/A
INFO:root:R,0,True,N/A
INFO:root:M,0,True,N/A
INFO:root:B,0,True,N/A
INFO:root:R,1,True,0.590423583984375
INFO:root:M,1,True,0.4837043285369873
INFO:root:B,1,True,0.4278707504272461
INFO:root:Q,0,True,N/A
INFO:root:B,0,True,N/A
INFO:root:M,0,True,N/A
INFO:root:R,0,True,N/A
INFO:root:F,0,True,N/A
INFO:root:X,0,True,N/A
INFO:root:R,1,True,0.6073706150054932
INFO:root:B,0,True,N/A
INFO:root:R,0,True,N/A
INFO:root:B,0,True,N/A
INFO:root:Q,0,True,N/A
INFO:root:Task 1-back start!
INFO:root:H,0,True,N/A
INFO:root:J,0,True,N/A
INFO:root:X,0,True,N/A
INFO:root:R,0,True,N/A
INFO:root:J,0,True,N/A
INFO:root:Q,0,True,N/A
INFO:root:Q,1,True,0.6462523937225342
INFO:root:B,0,True,N/A
INFO:root:Q,0,True,N/A
INFO:root:J,0,True,N/A
INFO:root:R,0,True,N/A
INFO:root:M,0,True,N/A
INFO:root:M,1,True,0.7022993564605713
INFO:root:L,0,True,N/A
INFO:root:M,0,True,N/A
INFO:root:M,1,True,0.5141217708587646
INFO:root:B,0,True,N/A
INFO:root:H,0,True,N/A
INFO:root:Q,0,True,N/A
INFO:root:Q,1,True,0.6030545234680176
INFO:root:M,0,True,N/A
INFO:root:R,0,True,N/A
INFO:root:M,0,True,N/A
INFO:root:M,1,True,0.6422805786132812
INFO:root:J,0,True,N/A
INFO:root:L,0,True,N/A
INFO:root:F,0,True,N/A
INFO:root:J,0,True,N/A
INFO:root:X,0,True,N/A
INFO:root:X,1,True,0.5734641551971436
INFO:root:Q,0,True,N/A
INFO:root:Q,1,True,0.5136265754699707
INFO:root:H,0,True,N/A
INFO:root:M,0,True,N/A
INFO:root:M,1,True,0.6776869297027588
INFO:root:F,0,True,N/A
INFO:root:M,0,True,N/A
INFO:root:F,0,True,N/A
INFO:root:M,0,True,N/A
INFO:root:F,0,True,N/A
INFO:root:L,0,True,N/A
INFO:root:L,1,True,0.7287256717681885
INFO:root:R,0,True,N/A
INFO:root:F,0,True,N/A
INFO:root:H,0,True,N/A
INFO:root:X,0,True,N/A
INFO:root:X,1,True,0.5587642192840576
INFO:root:X,1,True,0.7026352882385254
INFO:root:R,0,True,N/A
INFO:root:R,1,True,0.7286336421966553
INFO:root:B,0,True,N/A
INFO:root:F,0,True,N/A
INFO:root:F,1,True,0.5868496894836426
INFO:root:M,0,True,N/A
INFO:root:H,0,True,N/A
INFO:root:H,1,True,0.5421335697174072
INFO:root:R,0,True,N/A
INFO:root:F,0,True,N/A
INFO:root:L,0,True,N/A
INFO:root:Q,0,True,N/A
INFO:root:Task 3-back start!
INFO:root:J,0,True,N/A
INFO:root:J,0,False,N/A
INFO:root:B,0,True,N/A
INFO:root:J,1,True,0.835824728012085
INFO:root:M,0,True,N/A
INFO:root:R,0,True,N/A
INFO:root:R,0,True,N/A
INFO:root:M,1,True,1.2152259349822998
INFO:root:F,0,True,N/A
INFO:root:L,0,True,N/A
INFO:root:R,0,True,N/A
INFO:root:F,1,True,0.9793846607208252
INFO:root:X,0,True,N/A
INFO:root:F,0,True,N/A
INFO:root:J,0,True,N/A
INFO:root:Q,0,True,N/A
INFO:root:B,0,True,N/A
INFO:root:B,0,True,N/A
INFO:root:L,0,True,N/A
INFO:root:H,0,True,N/A
INFO:root:H,0,True,N/A
INFO:root:J,0,True,N/A
INFO:root:X,0,True,N/A
INFO:root:H,1,True,0.49816370010375977
INFO:root:R,0,True,N/A
INFO:root:R,0,True,N/A
INFO:root:J,0,True,N/A
INFO:root:M,0,True,N/A
INFO:root:R,1,True,0.6986527442932129
INFO:root:R,0,True,N/A
INFO:root:J,0,True,N/A
INFO:root:X,0,True,N/A
INFO:root:Q,0,True,N/A
INFO:root:J,1,True,0.5341174602508545
INFO:root:R,0,True,N/A
INFO:root:Q,1,True,0.6876382827758789
INFO:root:R,0,True,N/A
INFO:root:H,0,True,N/A
INFO:root:L,0,True,N/A
INFO:root:X,0,True,N/A
INFO:root:H,1,True,0.46227574348449707
INFO:root:R,0,True,N/A
INFO:root:B,0,True,N/A
INFO:root:B,0,True,N/A
INFO:root:R,1,True,0.6602325439453125
INFO:root:B,1,True,0.67421555519104
INFO:root:L,0,True,N/A
INFO:root:H,0,True,N/A
INFO:root:J,0,True,N/A
INFO:root:B,0,True,N/A
INFO:root:X,0,True,N/A
INFO:root:M,0,True,N/A
INFO:root:X,0,True,N/A
INFO:root:X,1,True,0.7077856063842773
INFO:root:M,1,True,0.5859386920928955
INFO:root:X,1,True,1.0536692142486572
INFO:root:B,0,True,N/A
INFO:root:J,0,True,N/A
INFO:root:H,0,True,N/A
INFO:root:J,0,True,N/A
INFO:root:1-back task: average react time: 0.661813427101482, correct react: 179
INFO:root:3-back task: average react time: 0.6921141147613525, correct react: 177
INFO:root:Total average react time: 0.6764290529138902, correct react: 356
