INFO:root:Task Random, length=45, start!
INFO:root:Task 3-back start!
INFO:root:R,0,True,N/A
INFO:root:F,0,True,N/A
INFO:root:B,0,True,N/A
INFO:root:B,0,True,N/A
INFO:root:R,0,True,N/A
INFO:root:B,1,False,1.75
INFO:root:Q,0,True,N/A
INFO:root:Task Random, length=45, start!
INFO:root:Task 3-back start!
INFO:root:R,0,True,N/A
INFO:root:J,0,True,N/A
INFO:root:J,0,True,N/A
INFO:root:M,0,True,N/A
INFO:root:H,0,True,N/A
INFO:root:J,1,True,0.5984010696411133
INFO:root:L,0,True,N/A
INFO:root:R,0,True,N/A
INFO:root:H,0,True,N/A
INFO:root:M,0,True,N/A
INFO:root:F,0,True,N/A
INFO:root:H,1,True,0.5545182228088379
INFO:root:M,1,False,1.75
INFO:root:L,0,True,N/A
INFO:root:X,0,True,N/A
INFO:root:R,0,True,N/A
INFO:root:F,0,True,N/A
INFO:root:X,1,True,0.7614588737487793
INFO:root:R,1,True,0.8143324851989746
INFO:root:B,0,True,N/A
INFO:root:X,1,True,0.408388614654541
INFO:root:X,0,True,N/A
INFO:root:J,0,True,N/A
INFO:root:J,0,True,N/A
INFO:root:X,1,True,0.7370302677154541
INFO:root:R,0,True,N/A
INFO:root:J,1,True,0.6806790828704834
INFO:root:X,1,True,0.9689126014709473
INFO:root:M,0,True,N/A
INFO:root:H,0,True,N/A
INFO:root:X,1,True,1.5669400691986084
INFO:root:M,1,True,0.5899009704589844
INFO:root:H,1,True,0.4932212829589844
INFO:root:R,0,True,N/A
INFO:root:L,0,True,N/A
INFO:root:L,0,True,N/A
INFO:root:B,0,True,N/A
INFO:root:L,1,True,0.5260841846466064
INFO:root:J,0,True,N/A
INFO:root:M,0,True,N/A
INFO:root:H,0,True,N/A
INFO:root:F,0,True,N/A
INFO:root:F,0,True,N/A
INFO:root:X,0,True,N/A
INFO:root:H,0,True,N/A
INFO:root:Task 3-back start!
INFO:root:J,0,True,N/A
INFO:root:R,0,True,N/A
INFO:root:B,0,True,N/A
INFO:root:J,1,True,0.5699660778045654
INFO:root:X,0,True,N/A
INFO:root:M,0,True,N/A
INFO:root:L,0,True,N/A
INFO:root:X,1,True,0.7076327800750732
INFO:root:X,0,True,N/A
INFO:root:L,1,False,1.75
INFO:root:X,1,True,1.2621214389801025
INFO:root:R,0,True,N/A
INFO:root:J,0,True,N/A
INFO:root:J,0,True,N/A
INFO:root:R,1,True,0.6342124938964844
INFO:root:M,0,True,N/A
INFO:root:F,0,True,N/A
INFO:root:R,1,True,0.39247989654541016
INFO:root:X,0,True,N/A
INFO:root:H,0,True,N/A
INFO:root:J,0,True,N/A
INFO:root:J,0,True,N/A
INFO:root:J,0,True,N/A
INFO:root:R,0,True,N/A
INFO:root:J,1,True,0.8307909965515137
INFO:root:X,0,True,N/A
INFO:root:Q,0,True,N/A
INFO:root:X,0,False,N/A
INFO:root:X,1,True,1.0905609130859375
INFO:root:X,0,True,N/A
INFO:root:X,1,True,0.5989067554473877
INFO:root:H,0,True,N/A
INFO:root:M,0,True,N/A
INFO:root:M,0,True,N/A
INFO:root:H,1,True,0.8222522735595703
INFO:root:L,0,True,N/A
INFO:root:M,1,True,0.7495479583740234
INFO:root:H,1,True,0.6497750282287598
INFO:root:F,0,True,N/A
INFO:root:Q,0,True,N/A
INFO:root:H,1,True,0.3714911937713623
INFO:root:F,1,True,0.6976268291473389
INFO:root:Q,1,False,1.75
INFO:root:L,0,True,N/A
INFO:root:M,0,True,N/A
INFO:root:Task 1-back start!
INFO:root:B,0,True,N/A
INFO:root:F,0,True,N/A
INFO:root:H,0,True,N/A
INFO:root:M,0,True,N/A
INFO:root:Q,0,True,N/A
INFO:root:M,0,False,N/A
INFO:root:X,0,True,N/A
INFO:root:F,0,True,N/A
INFO:root:J,0,True,N/A
INFO:root:F,0,True,N/A
INFO:root:F,1,True,0.5680148601531982
INFO:root:M,0,True,N/A
INFO:root:R,0,True,N/A
INFO:root:R,1,True,0.6732003688812256
INFO:root:L,0,True,N/A
INFO:root:M,0,True,N/A
INFO:root:M,1,True,0.6035995483398438
INFO:root:X,0,True,N/A
INFO:root:H,0,True,N/A
INFO:root:R,0,True,N/A
INFO:root:R,1,True,0.622889518737793
INFO:root:J,0,True,N/A
INFO:root:J,1,True,0.6188368797302246
INFO:root:F,0,True,N/A
INFO:root:B,0,True,N/A
INFO:root:B,1,True,0.5191166400909424
INFO:root:F,0,True,N/A
INFO:root:J,0,True,N/A
INFO:root:J,1,True,0.6787436008453369
INFO:root:J,1,True,0.5200653076171875
INFO:root:L,0,True,N/A
INFO:root:L,1,True,0.6816303730010986
INFO:root:J,0,True,N/A
INFO:root:H,0,True,N/A
INFO:root:Q,0,True,N/A
INFO:root:L,0,True,N/A
INFO:root:X,0,True,N/A
INFO:root:X,1,True,0.8332657814025879
INFO:root:X,1,False,1.75
INFO:root:X,1,True,0.6607644557952881
INFO:root:R,0,True,N/A
INFO:root:Q,0,True,N/A
INFO:root:Q,1,True,0.6617138385772705
INFO:root:F,0,True,N/A
INFO:root:F,1,True,0.5989043712615967
INFO:root:Task 1-back start!
INFO:root:Q,0,True,N/A
INFO:root:Q,1,True,0.6193573474884033
INFO:root:F,0,True,N/A
INFO:root:F,1,True,1.1718947887420654
INFO:root:L,0,True,N/A
INFO:root:L,1,True,0.8567094802856445
INFO:root:L,1,True,1.0601544380187988
INFO:root:X,0,True,N/A
INFO:root:X,1,True,0.5201210975646973
INFO:root:B,0,True,N/A
INFO:root:L,0,True,N/A
INFO:root:F,0,True,N/A
INFO:root:F,1,True,0.5415501594543457
INFO:root:H,0,True,N/A
INFO:root:B,0,True,N/A
INFO:root:R,0,True,N/A
INFO:root:B,0,True,N/A
INFO:root:B,1,True,0.47427821159362793
INFO:root:M,0,True,N/A
INFO:root:M,1,True,0.698624849319458
INFO:root:R,0,True,N/A
INFO:root:X,0,True,N/A
INFO:root:L,0,True,N/A
INFO:root:R,0,True,N/A
INFO:root:R,1,False,1.75
INFO:root:J,0,True,N/A
INFO:root:H,0,True,N/A
INFO:root:J,0,True,N/A
INFO:root:F,0,True,N/A
INFO:root:L,0,True,N/A
INFO:root:L,1,True,0.62180495262146
INFO:root:X,0,True,N/A
INFO:root:B,0,True,N/A
INFO:root:H,0,True,N/A
INFO:root:H,1,True,0.6741981506347656
INFO:root:J,0,True,N/A
INFO:root:L,0,True,N/A
INFO:root:L,1,True,0.8522109985351562
INFO:root:X,0,True,N/A
INFO:root:X,1,True,0.575519323348999
INFO:root:J,0,True,N/A
INFO:root:J,1,True,0.5470097064971924
INFO:root:M,0,True,N/A
INFO:root:M,1,True,0.5166163444519043
INFO:root:J,0,True,N/A
INFO:root:Task 3-back start!
INFO:root:H,0,True,N/A
INFO:root:J,0,True,N/A
INFO:root:J,0,True,N/A
INFO:root:J,0,False,N/A
INFO:root:B,0,True,N/A
INFO:root:H,0,True,N/A
INFO:root:H,0,True,N/A
INFO:root:L,0,True,N/A
INFO:root:F,0,True,N/A
INFO:root:H,1,True,0.5490021705627441
INFO:root:H,0,True,N/A
INFO:root:R,0,True,N/A
INFO:root:B,0,True,N/A
INFO:root:J,0,True,N/A
INFO:root:X,0,True,N/A
INFO:root:B,1,True,0.7679157257080078
INFO:root:J,1,True,0.8197808265686035
INFO:root:X,1,True,0.4542887210845947
INFO:root:L,0,True,N/A
INFO:root:H,0,True,N/A
INFO:root:B,0,True,N/A
INFO:root:L,1,True,0.5380926132202148
INFO:root:J,0,True,N/A
INFO:root:B,1,True,0.8591973781585693
INFO:root:B,0,True,N/A
INFO:root:L,0,True,N/A
INFO:root:X,0,True,N/A
INFO:root:Q,0,True,N/A
INFO:root:Q,0,True,N/A
INFO:root:X,1,True,0.5156188011169434
INFO:root:H,0,True,N/A
INFO:root:Q,1,True,0.5864038467407227
INFO:root:R,0,True,N/A
INFO:root:X,0,True,N/A
INFO:root:L,0,True,N/A
INFO:root:B,0,True,N/A
INFO:root:X,1,True,0.8484547138214111
INFO:root:M,0,True,N/A
INFO:root:M,0,True,N/A
INFO:root:Q,0,True,N/A
INFO:root:X,0,True,N/A
INFO:root:M,1,True,0.6118741035461426
INFO:root:L,0,True,N/A
INFO:root:H,0,True,N/A
INFO:root:F,0,True,N/A
INFO:root:Task 1-back start!
INFO:root:F,0,True,N/A
INFO:root:F,1,True,0.6757020950317383
INFO:root:R,0,True,N/A
INFO:root:J,0,True,N/A
INFO:root:L,0,True,N/A
INFO:root:Q,0,True,N/A
INFO:root:H,0,True,N/A
INFO:root:H,1,False,1.75
INFO:root:H,1,True,0.5340409278869629
INFO:root:Q,0,True,N/A
INFO:root:F,0,True,N/A
INFO:root:B,0,True,N/A
INFO:root:X,0,True,N/A
INFO:root:Q,0,True,N/A
INFO:root:Q,1,True,0.5595059394836426
INFO:root:Q,1,True,0.7769091129302979
INFO:root:B,0,True,N/A
INFO:root:M,0,True,N/A
INFO:root:M,1,True,0.5709683895111084
INFO:root:Q,0,True,N/A
INFO:root:L,0,True,N/A
INFO:root:H,0,True,N/A
INFO:root:H,1,True,0.7330350875854492
INFO:root:X,0,True,N/A
INFO:root:H,0,True,N/A
INFO:root:Q,0,True,N/A
INFO:root:Q,1,True,0.6758894920349121
INFO:root:H,0,True,N/A
INFO:root:F,0,True,N/A
INFO:root:F,1,True,0.5525219440460205
INFO:root:F,1,True,0.9230828285217285
INFO:root:M,0,True,N/A
INFO:root:M,1,True,0.5255904197692871
INFO:root:B,0,True,N/A
INFO:root:X,0,True,N/A
INFO:root:X,1,True,0.5021095275878906
INFO:root:X,1,False,1.75
INFO:root:H,0,True,N/A
INFO:root:L,0,True,N/A
INFO:root:L,1,True,0.8502261638641357
INFO:root:M,0,True,N/A
INFO:root:X,0,True,N/A
INFO:root:X,1,False,1.75
INFO:root:R,0,True,N/A
INFO:root:X,0,True,N/A
INFO:root:Average react time: 0.7863199827147693, correct react: 259
INFO:root:Task Adaptive, length=45, start!
INFO:root:Task 1-back start!
INFO:root:R,0,True,N/A
INFO:root:L,0,True,N/A
INFO:root:X,0,True,N/A
INFO:root:Q,0,True,N/A
INFO:root:L,0,True,N/A
INFO:root:Q,0,True,N/A
INFO:root:Q,1,True,0.5171236991882324
INFO:root:Q,1,True,0.5734508037567139
INFO:root:L,0,True,N/A
INFO:root:B,0,True,N/A
INFO:root:B,1,True,0.5232641696929932
INFO:root:X,0,True,N/A
INFO:root:X,1,True,0.6447265148162842
INFO:root:F,0,True,N/A
INFO:root:F,1,True,0.5042099952697754
INFO:root:X,0,True,N/A
INFO:root:M,0,True,N/A
INFO:root:X,0,True,N/A
INFO:root:F,0,True,N/A
INFO:root:B,0,True,N/A
INFO:root:B,1,True,0.6008563041687012
INFO:root:M,0,True,N/A
INFO:root:B,0,True,N/A
INFO:root:B,1,True,0.5254852771759033
INFO:root:R,0,True,N/A
INFO:root:R,1,True,0.6401512622833252
INFO:root:Q,0,True,N/A
INFO:root:H,0,True,N/A
INFO:root:H,1,True,0.5345056056976318
INFO:root:Q,0,True,N/A
INFO:root:J,0,True,N/A
INFO:root:Q,0,True,N/A
INFO:root:Q,1,True,0.5352308750152588
INFO:root:M,0,True,N/A
INFO:root:X,0,True,N/A
INFO:root:M,0,False,N/A
INFO:root:F,0,True,N/A
INFO:root:H,0,True,N/A
INFO:root:B,0,True,N/A
INFO:root:B,1,True,0.7414991855621338
INFO:root:J,0,True,N/A
INFO:root:B,0,True,N/A
INFO:root:M,0,True,N/A
INFO:root:M,1,True,0.5376152992248535
INFO:root:J,0,True,N/A
INFO:root:Task 3-back start!
INFO:root:X,0,True,N/A
INFO:root:M,0,True,N/A
INFO:root:F,0,True,N/A
INFO:root:X,1,True,0.5006396770477295
INFO:root:L,0,True,N/A
INFO:root:F,1,True,0.6109085083007812
INFO:root:M,0,True,N/A
INFO:root:X,0,True,N/A
INFO:root:L,0,True,N/A
INFO:root:F,0,True,N/A
INFO:root:F,0,True,N/A
INFO:root:X,0,True,N/A
INFO:root:F,1,True,0.573918342590332
INFO:root:F,1,True,0.4454190731048584
INFO:root:H,0,True,N/A
INFO:root:B,0,True,N/A
INFO:root:F,1,True,0.7146611213684082
INFO:root:M,0,True,N/A
INFO:root:H,0,True,N/A
INFO:root:L,0,True,N/A
INFO:root:M,1,True,0.8816940784454346
INFO:root:H,1,True,0.7569754123687744
INFO:root:L,1,True,0.4941823482513428
INFO:root:X,0,True,N/A
INFO:root:J,0,True,N/A
INFO:root:R,0,True,N/A
INFO:root:B,0,True,N/A
INFO:root:J,1,False,1.75
INFO:root:L,0,True,N/A
INFO:root:F,0,True,N/A
INFO:root:F,0,True,N/A
INFO:root:M,0,True,N/A
INFO:root:J,0,True,N/A
INFO:root:X,0,True,N/A
INFO:root:J,0,True,N/A
INFO:root:M,0,True,N/A
INFO:root:X,1,True,0.5897481441497803
INFO:root:Q,0,True,N/A
INFO:root:H,0,True,N/A
INFO:root:M,0,True,N/A
INFO:root:R,0,True,N/A
INFO:root:H,1,True,0.7130913734436035
INFO:root:M,1,True,0.6089024543762207
INFO:root:X,0,True,N/A
INFO:root:Q,0,True,N/A
INFO:root:Task 3-back start!
INFO:root:L,0,True,N/A
INFO:root:M,0,True,N/A
INFO:root:F,0,True,N/A
INFO:root:L,1,True,0.47811460494995117
INFO:root:B,0,True,N/A
INFO:root:M,0,True,N/A
INFO:root:L,1,True,0.6890358924865723
INFO:root:B,1,True,0.6403591632843018
INFO:root:X,0,True,N/A
INFO:root:L,1,True,0.8458223342895508
INFO:root:B,1,True,0.4029512405395508
INFO:root:M,0,False,N/A
INFO:root:X,0,True,N/A
INFO:root:H,0,True,N/A
INFO:root:R,0,True,N/A
INFO:root:X,1,True,0.5301611423492432
INFO:root:H,1,True,0.5111348628997803
INFO:root:Q,0,True,N/A
INFO:root:H,0,True,N/A
INFO:root:H,1,True,0.5889344215393066
INFO:root:F,0,True,N/A
INFO:root:H,1,True,0.3869483470916748
INFO:root:R,0,True,N/A
INFO:root:L,0,True,N/A
INFO:root:B,0,True,N/A
INFO:root:B,0,True,N/A
INFO:root:L,1,True,0.8531184196472168
INFO:root:B,1,True,0.973503828048706
INFO:root:X,0,True,N/A
INFO:root:H,0,True,N/A
INFO:root:X,0,True,N/A
INFO:root:R,0,True,N/A
INFO:root:Q,0,True,N/A
INFO:root:F,0,True,N/A
INFO:root:X,0,True,N/A
INFO:root:Q,1,True,0.8864333629608154
INFO:root:F,1,True,0.7133820056915283
INFO:root:X,1,True,0.6907174587249756
INFO:root:H,0,True,N/A
INFO:root:J,0,True,N/A
INFO:root:X,1,True,0.5690219402313232
INFO:root:F,0,True,N/A
INFO:root:R,0,True,N/A
INFO:root:M,0,True,N/A
INFO:root:M,0,True,N/A
INFO:root:Task 3-back start!
INFO:root:B,0,True,N/A
INFO:root:X,0,True,N/A
INFO:root:F,0,True,N/A
INFO:root:B,1,True,0.8041059970855713
INFO:root:H,0,True,N/A
INFO:root:X,0,True,N/A
INFO:root:L,0,True,N/A
INFO:root:H,1,True,0.6751999855041504
INFO:root:X,1,True,0.483273983001709
INFO:root:M,0,True,N/A
INFO:root:L,0,True,N/A
INFO:root:L,0,True,N/A
INFO:root:M,1,True,0.5570058822631836
INFO:root:J,0,True,N/A
INFO:root:M,0,True,N/A
INFO:root:H,0,True,N/A
INFO:root:J,1,True,0.6752455234527588
INFO:root:M,1,True,0.6139380931854248
INFO:root:X,0,True,N/A
INFO:root:F,0,True,N/A
INFO:root:J,0,True,N/A
INFO:root:M,0,True,N/A
INFO:root:M,0,True,N/A
INFO:root:J,1,True,0.5939269065856934
INFO:root:F,0,True,N/A
INFO:root:B,0,True,N/A
INFO:root:L,0,True,N/A
INFO:root:M,0,True,N/A
INFO:root:R,0,True,N/A
INFO:root:F,0,True,N/A
INFO:root:M,1,True,0.5834710597991943
INFO:root:B,0,True,N/A
INFO:root:J,0,True,N/A
INFO:root:J,0,True,N/A
INFO:root:B,1,True,0.5174977779388428
INFO:root:J,1,True,0.5375583171844482
INFO:root:B,0,True,N/A
INFO:root:J,0,True,N/A
INFO:root:B,0,True,N/A
INFO:root:B,1,True,0.47486281394958496
INFO:root:H,0,True,N/A
INFO:root:Q,0,True,N/A
INFO:root:L,0,True,N/A
INFO:root:M,0,True,N/A
INFO:root:Q,1,True,0.4034280776977539
INFO:root:Task 1-back start!
INFO:root:R,0,True,N/A
INFO:root:L,0,True,N/A
INFO:root:J,0,True,N/A
INFO:root:J,1,True,0.6226365566253662
INFO:root:L,0,True,N/A
INFO:root:J,0,True,N/A
INFO:root:X,0,True,N/A
INFO:root:X,1,True,0.7753996849060059
INFO:root:F,0,True,N/A
INFO:root:H,0,True,N/A
INFO:root:Q,0,True,N/A
INFO:root:H,0,True,N/A
INFO:root:H,1,True,0.5054762363433838
INFO:root:M,0,True,N/A
INFO:root:B,0,True,N/A
INFO:root:R,0,True,N/A
INFO:root:R,1,True,0.8117108345031738
INFO:root:H,0,True,N/A
INFO:root:H,1,True,0.6597945690155029
INFO:root:L,0,True,N/A
INFO:root:L,1,True,0.7395048141479492
INFO:root:X,0,True,N/A
INFO:root:H,0,True,N/A
INFO:root:J,0,True,N/A
INFO:root:R,0,True,N/A
INFO:root:L,0,True,N/A
INFO:root:F,0,True,N/A
INFO:root:B,0,True,N/A
INFO:root:Q,0,True,N/A
INFO:root:F,0,True,N/A
INFO:root:B,0,True,N/A
INFO:root:B,1,True,0.6567413806915283
INFO:root:R,0,True,N/A
INFO:root:R,1,True,0.8711988925933838
INFO:root:Q,0,True,N/A
INFO:root:Q,1,True,0.8922257423400879
INFO:root:F,0,True,N/A
INFO:root:F,1,True,0.6169896125793457
INFO:root:F,1,True,0.6639466285705566
INFO:root:B,0,True,N/A
INFO:root:M,0,True,N/A
INFO:root:M,1,True,0.4322230815887451
INFO:root:L,0,True,N/A
INFO:root:M,0,True,N/A
INFO:root:M,1,True,0.47928357124328613
INFO:root:Task 1-back start!
INFO:root:F,0,True,N/A
INFO:root:R,0,True,N/A
INFO:root:R,1,True,0.7061126232147217
INFO:root:L,0,True,N/A
INFO:root:B,0,True,N/A
INFO:root:Q,0,True,N/A
INFO:root:M,0,True,N/A
INFO:root:M,1,True,0.7535381317138672
INFO:root:Q,0,True,N/A
INFO:root:H,0,True,N/A
INFO:root:R,0,True,N/A
INFO:root:L,0,True,N/A
INFO:root:X,0,True,N/A
INFO:root:X,1,True,0.7365734577178955
INFO:root:R,0,True,N/A
INFO:root:M,0,True,N/A
INFO:root:F,0,True,N/A
INFO:root:B,0,True,N/A
INFO:root:X,0,True,N/A
INFO:root:X,1,True,0.9295203685760498
INFO:root:F,0,True,N/A
INFO:root:F,1,True,0.760554313659668
INFO:root:F,1,True,0.5805258750915527
INFO:root:F,1,True,0.5149571895599365
INFO:root:M,0,True,N/A
INFO:root:X,0,True,N/A
INFO:root:L,0,True,N/A
INFO:root:L,1,True,0.5821852684020996
INFO:root:Q,0,True,N/A
INFO:root:H,0,True,N/A
INFO:root:X,0,True,N/A
INFO:root:X,1,True,0.4108283519744873
INFO:root:B,0,True,N/A
INFO:root:F,0,True,N/A
INFO:root:F,1,True,0.5281350612640381
INFO:root:L,0,True,N/A
INFO:root:L,1,True,0.5041489601135254
INFO:root:M,0,True,N/A
INFO:root:L,0,True,N/A
INFO:root:L,1,True,0.4804391860961914
INFO:root:B,0,True,N/A
INFO:root:Q,0,True,N/A
INFO:root:M,0,True,N/A
INFO:root:J,0,True,N/A
INFO:root:J,1,True,0.6880371570587158
INFO:root:Average react time: 0.6376636430814668, correct react: 267
